"C:/Users/Wanja/Documents/Unreal Projects/Project-LIGHT/Light.uproject" 1
"../../../Engine/Plugins/2D/Paper2D/Paper2D.uplugin" 2
"../../../Engine/Plugins/Developer/BlankPlugin/BlankPlugin.uplugin" 3
"../../../Engine/Plugins/Developer/PerforceSourceControl/PerforceSourceControl.uplugin" 4
"../../../Engine/Plugins/Developer/SubversionSourceControl/SubversionSourceControl.uplugin" 5
"../../../Engine/Plugins/Developer/UObjectPlugin/UObjectPlugin.uplugin" 6
"../../../Engine/Plugins/Developer/VisualStudioSourceCodeAccess/VisualStudioSourceCodeAccess.uplugin" 7
"../../../Engine/Plugins/Developer/XCodeSourceCodeAccess/XCodeSourceCodeAccess.uplugin" 8
"../../../Engine/Plugins/Editor/EpicSurvey/EpicSurvey.uplugin" 9
"../../../Engine/Plugins/Editor/MacGraphicsSwitching/MacGraphicsSwitching.uplugin" 10
"../../../Engine/Plugins/Editor/PluginsEditor/PluginsEditor.uplugin" 11
"../../../Engine/Plugins/Editor/SpeedTreeImporter/SpeedTreeImporter.uplugin" 12
"../../../Engine/Plugins/Experimental/BlueprintStats/BlueprintStats.uplugin" 13
"../../../Engine/Plugins/Experimental/CharacterAI/CharacterAI.uplugin" 14
"../../../Engine/Plugins/Experimental/CodeView/CodeView.uplugin" 15
"../../../Engine/Plugins/Experimental/LiveEditor/LiveEditor.uplugin" 16
"../../../Engine/Plugins/Experimental/Phya/Phya.uplugin" 17
"../../../Engine/Plugins/Experimental/SteamVR/SteamVR.uplugin" 18
"../../../Engine/Plugins/Media/AvfMedia/AvfMedia.uplugin" 19
"../../../Engine/Plugins/Media/MediaPlayerEditor/MediaPlayerEditor.uplugin" 20
"../../../Engine/Plugins/Media/WmfMedia/WmfMedia.uplugin" 21
"../../../Engine/Plugins/Messaging/MessagingDebugger/MessagingDebugger.uplugin" 22
"../../../Engine/Plugins/Messaging/UdpMessaging/UdpMessaging.uplugin" 23
"../../../Engine/Plugins/Runtime/Advertising/IOSTapJoy/IOSTapJoy.uplugin" 24
"../../../Engine/Plugins/Runtime/Analytics/AnalyticsBlueprintLibrary/AnalyticsBlueprintLibrary.uplugin" 25
"../../../Engine/Plugins/Runtime/Analytics/Apsalar/IOSApsalar/IOSApsalar.uplugin" 26
"../../../Engine/Plugins/Runtime/Analytics/FileLogging/FileLogging.uplugin" 27
"../../../Engine/Plugins/Runtime/AndroidDeviceProfileSelector/AndroidDeviceProfileSelector.uplugin" 28
"../../../Engine/Plugins/Runtime/AppleMoviePlayer/AppleMoviePlayer.uplugin" 29
"../../../Engine/Plugins/Runtime/CableComponent/CableComponent.uplugin" 30
"../../../Engine/Plugins/Runtime/CustomMeshComponent/CustomMeshComponent.uplugin" 31
"../../../Engine/Plugins/Runtime/ExampleDeviceProfileSelector/ExampleDeviceProfileSelector.uplugin" 32
"../../../Engine/Plugins/Runtime/IOSDeviceProfileSelector/IOSDeviceProfileSelector.uplugin" 33
"../../../Engine/Plugins/Runtime/LiveEditorListenServer/LiveEditorListenServer.uplugin" 34
"../../../Engine/Plugins/Runtime/OculusRift/OculusRift.uplugin" 35
"../../../Engine/Plugins/Runtime/SoundMod/SoundMod.uplugin" 36
"../../../Engine/Plugins/Runtime/SoundVisualizations/SoundVisualizations.uplugin" 37
"../../../Engine/Plugins/Runtime/TwitchLiveStreaming/TwitchLiveStreaming.uplugin" 38
"../../../Engine/Plugins/Runtime/WindowsDeviceProfileSelector/WindowsDeviceProfileSelector.uplugin" 39
"../../../Engine/Plugins/Runtime/WindowsMoviePlayer/WindowsMoviePlayer.uplugin" 40
"../../../Engine/Plugins/ScriptGeneratorPlugin/ScriptGeneratorPlugin.uplugin" 41
"../../../Engine/Plugins/ScriptPlugin/ScriptPlugin.uplugin" 42
"../../../Engine/Plugins/Slate/SlateRemote/SlateRemote.uplugin" 43
"..\..\..\Engine\Content\Localization\ICU\icudt53l\cnvalias.icu" 44
"..\..\..\Engine\Content\Localization\ICU\icudt53l\res_index.res" 45
"..\..\..\Engine\Content\Localization\ICU\icudt53l\coll\ucadata.icu" 46
"..\..\..\Engine\Content\Localization\ICU\icudt53l\nfc.nrm" 47
"..\..\..\Engine\Content\Localization\ICU\icudt53l\coll\de.res" 48
"..\..\..\Engine\Content\Localization\ICU\icudt53l\coll\root.res" 49
"..\..\..\Engine\Content\Localization\ICU\icudt53l\de.res" 50
"..\..\..\Engine\Content\Localization\ICU\icudt53l\pool.res" 51
"..\..\..\Engine\Content\Localization\ICU\icudt53l\root.res" 52
"..\..\..\Engine\Content\Localization\ICU\icudt53l\numberingSystems.res" 53
"..\..\..\Engine\Content\Localization\ICU\icudt53l\curr\supplementalData.res" 54
"..\..\..\Engine\Content\Localization\ICU\icudt53l\curr\pool.res" 55
"..\..\..\Engine\Content\Localization\ICU\icudt53l\curr\de.res" 56
"..\..\..\Engine\Content\Localization\ICU\icudt53l\curr\root.res" 57
"..\..\..\Engine\Content\Localization\ICU\icudt53l\en_US.res" 58
"..\..\..\Engine\Content\Localization\ICU\icudt53l\en.res" 59
"..\..\..\Engine\Content\Localization\ICU\icudt53l\plurals.res" 60
"..\..\..\Engine\Content\Localization\ICU\icudt53l\windowsZones.res" 61
"..\..\..\Engine\Content\Localization\ICU\icudt53l\zoneinfo64.res" 62
"..\..\..\Engine\Content\Localization\ICU\icudt53l\keyTypeData.res" 63
"..\..\..\Engine\Content\Localization\ICU\icudt53l\timezoneTypes.res" 64
"..\..\..\Engine\Content\Localization\ICU\icudt53l\likelySubtags.res" 65
"..\..\..\Engine\Content\Localization\ICU\icudt53l\supplementalData.res" 66
"..\..\..\Engine\Content\Localization\ICU\icudt53l\de_DE.res" 67
"..\..\..\Engine\Content\Localization\ICU\icudt53l\de_AT.res" 68
"..\..\..\Engine\Content\Localization\ICU\icudt53l\de_BE.res" 69
"..\..\..\Engine\Content\Localization\ICU\icudt53l\de_CH.res" 70
"..\..\..\Engine\Content\Localization\ICU\icudt53l\curr\de_CH.res" 71
"..\..\..\Engine\Content\Localization\ICU\icudt53l\de_LI.res" 72
"..\..\..\Engine\Content\Localization\ICU\icudt53l\de_LU.res" 73
"..\..\..\Engine\Content\Localization\ICU\icudt53l\curr\de_LU.res" 74
"..\..\..\Engine\Content\Localization\ICU\icudt53l\coll\en.res" 75
"..\..\..\Engine\Content\Localization\ICU\icudt53l\curr\en.res" 76
"..\..\..\Engine\Content\Localization\ICU\icudt53l\en_001.res" 77
"..\..\..\Engine\Content\Localization\ICU\icudt53l\curr\en_001.res" 78
"..\..\..\Engine\Content\Localization\ICU\icudt53l\en_150.res" 79
"..\..\..\Engine\Content\Localization\ICU\icudt53l\en_GB.res" 80
"..\..\..\Engine\Content\Localization\ICU\icudt53l\curr\en_150.res" 81
"..\..\..\Engine\Content\Localization\ICU\icudt53l\curr\en_GB.res" 82
"..\..\..\Engine\Content\Localization\ICU\icudt53l\en_AG.res" 83
"..\..\..\Engine\Content\Localization\ICU\icudt53l\curr\en_AG.res" 84
"..\..\..\Engine\Content\Localization\ICU\icudt53l\en_AI.res" 85
"..\..\..\Engine\Content\Localization\ICU\icudt53l\curr\en_AI.res" 86
"..\..\..\Engine\Content\Localization\ICU\icudt53l\en_AS.res" 87
"..\..\..\Engine\Content\Localization\ICU\icudt53l\en_AU.res" 88
"..\..\..\Engine\Content\Localization\ICU\icudt53l\curr\en_AU.res" 89
"..\..\..\Engine\Content\Localization\ICU\icudt53l\en_BB.res" 90
"..\..\..\Engine\Content\Localization\ICU\icudt53l\curr\en_BB.res" 91
"..\..\..\Engine\Content\Localization\ICU\icudt53l\en_BE.res" 92
"..\..\..\Engine\Content\Localization\ICU\icudt53l\curr\en_BE.res" 93
"..\..\..\Engine\Content\Localization\ICU\icudt53l\en_BM.res" 94
"..\..\..\Engine\Content\Localization\ICU\icudt53l\curr\en_BM.res" 95
"..\..\..\Engine\Content\Localization\ICU\icudt53l\en_BS.res" 96
"..\..\..\Engine\Content\Localization\ICU\icudt53l\curr\en_BS.res" 97
"..\..\..\Engine\Content\Localization\ICU\icudt53l\en_BW.res" 98
"..\..\..\Engine\Content\Localization\ICU\icudt53l\curr\en_BW.res" 99
"..\..\..\Engine\Content\Localization\ICU\icudt53l\en_BZ.res" 100
"..\..\..\Engine\Content\Localization\ICU\icudt53l\curr\en_BZ.res" 101
"..\..\..\Engine\Content\Localization\ICU\icudt53l\en_CA.res" 102
"..\..\..\Engine\Content\Localization\ICU\icudt53l\curr\en_CA.res" 103
"..\..\..\Engine\Content\Localization\ICU\icudt53l\en_CC.res" 104
"..\..\..\Engine\Content\Localization\ICU\icudt53l\curr\en_CC.res" 105
"..\..\..\Engine\Content\Localization\ICU\icudt53l\en_CK.res" 106
"..\..\..\Engine\Content\Localization\ICU\icudt53l\curr\en_CK.res" 107
"..\..\..\Engine\Content\Localization\ICU\icudt53l\en_CM.res" 108
"..\..\..\Engine\Content\Localization\ICU\icudt53l\curr\en_CM.res" 109
"..\..\..\Engine\Content\Localization\ICU\icudt53l\en_CX.res" 110
"..\..\..\Engine\Content\Localization\ICU\icudt53l\curr\en_CX.res" 111
"..\..\..\Engine\Content\Localization\ICU\icudt53l\en_DG.res" 112
"..\..\..\Engine\Content\Localization\ICU\icudt53l\curr\en_DG.res" 113
"..\..\..\Engine\Content\Localization\ICU\icudt53l\en_DM.res" 114
"..\..\..\Engine\Content\Localization\ICU\icudt53l\curr\en_DM.res" 115
"..\..\..\Engine\Content\Localization\ICU\icudt53l\en_ER.res" 116
"..\..\..\Engine\Content\Localization\ICU\icudt53l\curr\en_ER.res" 117
"..\..\..\Engine\Content\Localization\ICU\icudt53l\en_FJ.res" 118
"..\..\..\Engine\Content\Localization\ICU\icudt53l\curr\en_FJ.res" 119
"..\..\..\Engine\Content\Localization\ICU\icudt53l\en_FK.res" 120
"..\..\..\Engine\Content\Localization\ICU\icudt53l\curr\en_FK.res" 121
"..\..\..\Engine\Content\Localization\ICU\icudt53l\en_FM.res" 122
"..\..\..\Engine\Content\Localization\ICU\icudt53l\curr\en_FM.res" 123
"..\..\..\Engine\Content\Localization\ICU\icudt53l\en_GD.res" 124
"..\..\..\Engine\Content\Localization\ICU\icudt53l\curr\en_GD.res" 125
"..\..\..\Engine\Content\Localization\ICU\icudt53l\en_GG.res" 126
"..\..\..\Engine\Content\Localization\ICU\icudt53l\curr\en_GG.res" 127
"..\..\..\Engine\Content\Localization\ICU\icudt53l\en_GH.res" 128
"..\..\..\Engine\Content\Localization\ICU\icudt53l\curr\en_GH.res" 129
"..\..\..\Engine\Content\Localization\ICU\icudt53l\en_GI.res" 130
"..\..\..\Engine\Content\Localization\ICU\icudt53l\curr\en_GI.res" 131
"..\..\..\Engine\Content\Localization\ICU\icudt53l\en_GM.res" 132
"..\..\..\Engine\Content\Localization\ICU\icudt53l\curr\en_GM.res" 133
"..\..\..\Engine\Content\Localization\ICU\icudt53l\en_GU.res" 134
"..\..\..\Engine\Content\Localization\ICU\icudt53l\en_GY.res" 135
"..\..\..\Engine\Content\Localization\ICU\icudt53l\curr\en_GY.res" 136
"..\..\..\Engine\Content\Localization\ICU\icudt53l\en_HK.res" 137
"..\..\..\Engine\Content\Localization\ICU\icudt53l\curr\en_HK.res" 138
"..\..\..\Engine\Content\Localization\ICU\icudt53l\en_IE.res" 139
"..\..\..\Engine\Content\Localization\ICU\icudt53l\curr\en_IE.res" 140
"..\..\..\Engine\Content\Localization\ICU\icudt53l\en_IM.res" 141
"..\..\..\Engine\Content\Localization\ICU\icudt53l\curr\en_IM.res" 142
"..\..\..\Engine\Content\Localization\ICU\icudt53l\en_IN.res" 143
"..\..\..\Engine\Content\Localization\ICU\icudt53l\curr\en_IN.res" 144
"..\..\..\Engine\Content\Localization\ICU\icudt53l\en_IO.res" 145
"..\..\..\Engine\Content\Localization\ICU\icudt53l\curr\en_IO.res" 146
"..\..\..\Engine\Content\Localization\ICU\icudt53l\en_JE.res" 147
"..\..\..\Engine\Content\Localization\ICU\icudt53l\curr\en_JE.res" 148
"..\..\..\Engine\Content\Localization\ICU\icudt53l\en_JM.res" 149
"..\..\..\Engine\Content\Localization\ICU\icudt53l\curr\en_JM.res" 150
"..\..\..\Engine\Content\Localization\ICU\icudt53l\en_KE.res" 151
"..\..\..\Engine\Content\Localization\ICU\icudt53l\curr\en_KE.res" 152
"..\..\..\Engine\Content\Localization\ICU\icudt53l\en_KI.res" 153
"..\..\..\Engine\Content\Localization\ICU\icudt53l\curr\en_KI.res" 154
"..\..\..\Engine\Content\Localization\ICU\icudt53l\en_KN.res" 155
"..\..\..\Engine\Content\Localization\ICU\icudt53l\curr\en_KN.res" 156
"..\..\..\Engine\Content\Localization\ICU\icudt53l\en_KY.res" 157
"..\..\..\Engine\Content\Localization\ICU\icudt53l\curr\en_KY.res" 158
"..\..\..\Engine\Content\Localization\ICU\icudt53l\en_LC.res" 159
"..\..\..\Engine\Content\Localization\ICU\icudt53l\curr\en_LC.res" 160
"..\..\..\Engine\Content\Localization\ICU\icudt53l\en_LR.res" 161
"..\..\..\Engine\Content\Localization\ICU\icudt53l\curr\en_LR.res" 162
"..\..\..\Engine\Content\Localization\ICU\icudt53l\en_LS.res" 163
"..\..\..\Engine\Content\Localization\ICU\icudt53l\curr\en_LS.res" 164
"..\..\..\Engine\Content\Localization\ICU\icudt53l\en_MG.res" 165
"..\..\..\Engine\Content\Localization\ICU\icudt53l\curr\en_MG.res" 166
"..\..\..\Engine\Content\Localization\ICU\icudt53l\en_MH.res" 167
"..\..\..\Engine\Content\Localization\ICU\icudt53l\en_MO.res" 168
"..\..\..\Engine\Content\Localization\ICU\icudt53l\curr\en_MO.res" 169
"..\..\..\Engine\Content\Localization\ICU\icudt53l\en_MP.res" 170
"..\..\..\Engine\Content\Localization\ICU\icudt53l\en_MS.res" 171
"..\..\..\Engine\Content\Localization\ICU\icudt53l\curr\en_MS.res" 172
"..\..\..\Engine\Content\Localization\ICU\icudt53l\en_MT.res" 173
"..\..\..\Engine\Content\Localization\ICU\icudt53l\curr\en_MT.res" 174
"..\..\..\Engine\Content\Localization\ICU\icudt53l\en_MU.res" 175
"..\..\..\Engine\Content\Localization\ICU\icudt53l\curr\en_MU.res" 176
"..\..\..\Engine\Content\Localization\ICU\icudt53l\en_MW.res" 177
"..\..\..\Engine\Content\Localization\ICU\icudt53l\curr\en_MW.res" 178
"..\..\..\Engine\Content\Localization\ICU\icudt53l\en_NA.res" 179
"..\..\..\Engine\Content\Localization\ICU\icudt53l\curr\en_NA.res" 180
"..\..\..\Engine\Content\Localization\ICU\icudt53l\en_NF.res" 181
"..\..\..\Engine\Content\Localization\ICU\icudt53l\curr\en_NF.res" 182
"..\..\..\Engine\Content\Localization\ICU\icudt53l\en_NG.res" 183
"..\..\..\Engine\Content\Localization\ICU\icudt53l\curr\en_NG.res" 184
"..\..\..\Engine\Content\Localization\ICU\icudt53l\en_NR.res" 185
"..\..\..\Engine\Content\Localization\ICU\icudt53l\curr\en_NR.res" 186
"..\..\..\Engine\Content\Localization\ICU\icudt53l\en_NU.res" 187
"..\..\..\Engine\Content\Localization\ICU\icudt53l\curr\en_NU.res" 188
"..\..\..\Engine\Content\Localization\ICU\icudt53l\en_NZ.res" 189
"..\..\..\Engine\Content\Localization\ICU\icudt53l\curr\en_NZ.res" 190
"..\..\..\Engine\Content\Localization\ICU\icudt53l\en_PG.res" 191
"..\..\..\Engine\Content\Localization\ICU\icudt53l\curr\en_PG.res" 192
"..\..\..\Engine\Content\Localization\ICU\icudt53l\en_PH.res" 193
"..\..\..\Engine\Content\Localization\ICU\icudt53l\curr\en_PH.res" 194
"..\..\..\Engine\Content\Localization\ICU\icudt53l\en_PK.res" 195
"..\..\..\Engine\Content\Localization\ICU\icudt53l\curr\en_PK.res" 196
"..\..\..\Engine\Content\Localization\ICU\icudt53l\en_PN.res" 197
"..\..\..\Engine\Content\Localization\ICU\icudt53l\curr\en_PN.res" 198
"..\..\..\Engine\Content\Localization\ICU\icudt53l\en_PR.res" 199
"..\..\..\Engine\Content\Localization\ICU\icudt53l\en_PW.res" 200
"..\..\..\Engine\Content\Localization\ICU\icudt53l\curr\en_PW.res" 201
"..\..\..\Engine\Content\Localization\ICU\icudt53l\en_RW.res" 202
"..\..\..\Engine\Content\Localization\ICU\icudt53l\curr\en_RW.res" 203
"..\..\..\Engine\Content\Localization\ICU\icudt53l\en_SB.res" 204
"..\..\..\Engine\Content\Localization\ICU\icudt53l\curr\en_SB.res" 205
"..\..\..\Engine\Content\Localization\ICU\icudt53l\en_SC.res" 206
"..\..\..\Engine\Content\Localization\ICU\icudt53l\curr\en_SC.res" 207
"..\..\..\Engine\Content\Localization\ICU\icudt53l\en_SD.res" 208
"..\..\..\Engine\Content\Localization\ICU\icudt53l\curr\en_SD.res" 209
"..\..\..\Engine\Content\Localization\ICU\icudt53l\en_SG.res" 210
"..\..\..\Engine\Content\Localization\ICU\icudt53l\curr\en_SG.res" 211
"..\..\..\Engine\Content\Localization\ICU\icudt53l\en_SH.res" 212
"..\..\..\Engine\Content\Localization\ICU\icudt53l\curr\en_SH.res" 213
"..\..\..\Engine\Content\Localization\ICU\icudt53l\en_SL.res" 214
"..\..\..\Engine\Content\Localization\ICU\icudt53l\curr\en_SL.res" 215
"..\..\..\Engine\Content\Localization\ICU\icudt53l\en_SS.res" 216
"..\..\..\Engine\Content\Localization\ICU\icudt53l\curr\en_SS.res" 217
"..\..\..\Engine\Content\Localization\ICU\icudt53l\en_SX.res" 218
"..\..\..\Engine\Content\Localization\ICU\icudt53l\curr\en_SX.res" 219
"..\..\..\Engine\Content\Localization\ICU\icudt53l\en_SZ.res" 220
"..\..\..\Engine\Content\Localization\ICU\icudt53l\curr\en_SZ.res" 221
"..\..\..\Engine\Content\Localization\ICU\icudt53l\en_TC.res" 222
"..\..\..\Engine\Content\Localization\ICU\icudt53l\curr\en_TC.res" 223
"..\..\..\Engine\Content\Localization\ICU\icudt53l\en_TK.res" 224
"..\..\..\Engine\Content\Localization\ICU\icudt53l\curr\en_TK.res" 225
"..\..\..\Engine\Content\Localization\ICU\icudt53l\en_TO.res" 226
"..\..\..\Engine\Content\Localization\ICU\icudt53l\curr\en_TO.res" 227
"..\..\..\Engine\Content\Localization\ICU\icudt53l\en_TT.res" 228
"..\..\..\Engine\Content\Localization\ICU\icudt53l\curr\en_TT.res" 229
"..\..\..\Engine\Content\Localization\ICU\icudt53l\en_TV.res" 230
"..\..\..\Engine\Content\Localization\ICU\icudt53l\curr\en_TV.res" 231
"..\..\..\Engine\Content\Localization\ICU\icudt53l\en_TZ.res" 232
"..\..\..\Engine\Content\Localization\ICU\icudt53l\curr\en_TZ.res" 233
"..\..\..\Engine\Content\Localization\ICU\icudt53l\en_UG.res" 234
"..\..\..\Engine\Content\Localization\ICU\icudt53l\curr\en_UG.res" 235
"..\..\..\Engine\Content\Localization\ICU\icudt53l\en_UM.res" 236
"..\..\..\Engine\Content\Localization\ICU\icudt53l\coll\en_US.res" 237
"..\..\..\Engine\Content\Localization\ICU\icudt53l\coll\en_US_POSIX.res" 238
"..\..\..\Engine\Content\Localization\ICU\icudt53l\en_US_POSIX.res" 239
"..\..\..\Engine\Content\Localization\ICU\icudt53l\en_VC.res" 240
"..\..\..\Engine\Content\Localization\ICU\icudt53l\curr\en_VC.res" 241
"..\..\..\Engine\Content\Localization\ICU\icudt53l\en_VG.res" 242
"..\..\..\Engine\Content\Localization\ICU\icudt53l\curr\en_VG.res" 243
"..\..\..\Engine\Content\Localization\ICU\icudt53l\en_VI.res" 244
"..\..\..\Engine\Content\Localization\ICU\icudt53l\en_VU.res" 245
"..\..\..\Engine\Content\Localization\ICU\icudt53l\curr\en_VU.res" 246
"..\..\..\Engine\Content\Localization\ICU\icudt53l\en_WS.res" 247
"..\..\..\Engine\Content\Localization\ICU\icudt53l\curr\en_WS.res" 248
"..\..\..\Engine\Content\Localization\ICU\icudt53l\en_ZA.res" 249
"..\..\..\Engine\Content\Localization\ICU\icudt53l\curr\en_ZA.res" 250
"..\..\..\Engine\Content\Localization\ICU\icudt53l\en_ZM.res" 251
"..\..\..\Engine\Content\Localization\ICU\icudt53l\curr\en_ZM.res" 252
"..\..\..\Engine\Content\Localization\ICU\icudt53l\en_ZW.res" 253
"..\..\..\Engine\Content\Localization\ICU\icudt53l\curr\en_ZW.res" 254
"..\..\..\Engine\Content\Localization\ICU\icudt53l\coll\es.res" 255
"..\..\..\Engine\Content\Localization\ICU\icudt53l\es.res" 256
"..\..\..\Engine\Content\Localization\ICU\icudt53l\curr\es.res" 257
"..\..\..\Engine\Content\Localization\ICU\icudt53l\es_ES.res" 258
"..\..\..\Engine\Content\Localization\ICU\icudt53l\es_419.res" 259
"..\..\..\Engine\Content\Localization\ICU\icudt53l\es_AR.res" 260
"..\..\..\Engine\Content\Localization\ICU\icudt53l\curr\es_AR.res" 261
"..\..\..\Engine\Content\Localization\ICU\icudt53l\es_BO.res" 262
"..\..\..\Engine\Content\Localization\ICU\icudt53l\curr\es_BO.res" 263
"..\..\..\Engine\Content\Localization\ICU\icudt53l\es_CL.res" 264
"..\..\..\Engine\Content\Localization\ICU\icudt53l\curr\es_CL.res" 265
"..\..\..\Engine\Content\Localization\ICU\icudt53l\es_CO.res" 266
"..\..\..\Engine\Content\Localization\ICU\icudt53l\curr\es_CO.res" 267
"..\..\..\Engine\Content\Localization\ICU\icudt53l\es_CR.res" 268
"..\..\..\Engine\Content\Localization\ICU\icudt53l\curr\es_CR.res" 269
"..\..\..\Engine\Content\Localization\ICU\icudt53l\es_CU.res" 270
"..\..\..\Engine\Content\Localization\ICU\icudt53l\curr\es_CU.res" 271
"..\..\..\Engine\Content\Localization\ICU\icudt53l\es_DO.res" 272
"..\..\..\Engine\Content\Localization\ICU\icudt53l\curr\es_DO.res" 273
"..\..\..\Engine\Content\Localization\ICU\icudt53l\es_EA.res" 274
"..\..\..\Engine\Content\Localization\ICU\icudt53l\es_EC.res" 275
"..\..\..\Engine\Content\Localization\ICU\icudt53l\curr\es_EC.res" 276
"..\..\..\Engine\Content\Localization\ICU\icudt53l\es_GQ.res" 277
"..\..\..\Engine\Content\Localization\ICU\icudt53l\es_GT.res" 278
"..\..\..\Engine\Content\Localization\ICU\icudt53l\curr\es_GT.res" 279
"..\..\..\Engine\Content\Localization\ICU\icudt53l\es_HN.res" 280
"..\..\..\Engine\Content\Localization\ICU\icudt53l\curr\es_HN.res" 281
"..\..\..\Engine\Content\Localization\ICU\icudt53l\es_IC.res" 282
"..\..\..\Engine\Content\Localization\ICU\icudt53l\es_MX.res" 283
"..\..\..\Engine\Content\Localization\ICU\icudt53l\curr\es_MX.res" 284
"..\..\..\Engine\Content\Localization\ICU\icudt53l\es_NI.res" 285
"..\..\..\Engine\Content\Localization\ICU\icudt53l\curr\es_NI.res" 286
"..\..\..\Engine\Content\Localization\ICU\icudt53l\es_PA.res" 287
"..\..\..\Engine\Content\Localization\ICU\icudt53l\curr\es_PA.res" 288
"..\..\..\Engine\Content\Localization\ICU\icudt53l\es_PE.res" 289
"..\..\..\Engine\Content\Localization\ICU\icudt53l\curr\es_PE.res" 290
"..\..\..\Engine\Content\Localization\ICU\icudt53l\es_PH.res" 291
"..\..\..\Engine\Content\Localization\ICU\icudt53l\curr\es_PH.res" 292
"..\..\..\Engine\Content\Localization\ICU\icudt53l\es_PR.res" 293
"..\..\..\Engine\Content\Localization\ICU\icudt53l\curr\es_PR.res" 294
"..\..\..\Engine\Content\Localization\ICU\icudt53l\es_PY.res" 295
"..\..\..\Engine\Content\Localization\ICU\icudt53l\curr\es_PY.res" 296
"..\..\..\Engine\Content\Localization\ICU\icudt53l\es_SV.res" 297
"..\..\..\Engine\Content\Localization\ICU\icudt53l\curr\es_SV.res" 298
"..\..\..\Engine\Content\Localization\ICU\icudt53l\es_US.res" 299
"..\..\..\Engine\Content\Localization\ICU\icudt53l\curr\es_US.res" 300
"..\..\..\Engine\Content\Localization\ICU\icudt53l\es_UY.res" 301
"..\..\..\Engine\Content\Localization\ICU\icudt53l\curr\es_UY.res" 302
"..\..\..\Engine\Content\Localization\ICU\icudt53l\es_VE.res" 303
"..\..\..\Engine\Content\Localization\ICU\icudt53l\curr\es_VE.res" 304
"..\..\..\Engine\Content\Localization\ICU\icudt53l\coll\fr.res" 305
"..\..\..\Engine\Content\Localization\ICU\icudt53l\fr.res" 306
"..\..\..\Engine\Content\Localization\ICU\icudt53l\curr\fr.res" 307
"..\..\..\Engine\Content\Localization\ICU\icudt53l\fr_FR.res" 308
"..\..\..\Engine\Content\Localization\ICU\icudt53l\fr_BE.res" 309
"..\..\..\Engine\Content\Localization\ICU\icudt53l\fr_BF.res" 310
"..\..\..\Engine\Content\Localization\ICU\icudt53l\fr_BI.res" 311
"..\..\..\Engine\Content\Localization\ICU\icudt53l\curr\fr_BI.res" 312
"..\..\..\Engine\Content\Localization\ICU\icudt53l\fr_BJ.res" 313
"..\..\..\Engine\Content\Localization\ICU\icudt53l\fr_BL.res" 314
"..\..\..\Engine\Content\Localization\ICU\icudt53l\coll\fr_CA.res" 315
"..\..\..\Engine\Content\Localization\ICU\icudt53l\fr_CA.res" 316
"..\..\..\Engine\Content\Localization\ICU\icudt53l\curr\fr_CA.res" 317
"..\..\..\Engine\Content\Localization\ICU\icudt53l\fr_CD.res" 318
"..\..\..\Engine\Content\Localization\ICU\icudt53l\curr\fr_CD.res" 319
"..\..\..\Engine\Content\Localization\ICU\icudt53l\fr_CF.res" 320
"..\..\..\Engine\Content\Localization\ICU\icudt53l\fr_CG.res" 321
"..\..\..\Engine\Content\Localization\ICU\icudt53l\fr_CH.res" 322
"..\..\..\Engine\Content\Localization\ICU\icudt53l\curr\fr_CH.res" 323
"..\..\..\Engine\Content\Localization\ICU\icudt53l\fr_CI.res" 324
"..\..\..\Engine\Content\Localization\ICU\icudt53l\fr_CM.res" 325
"..\..\..\Engine\Content\Localization\ICU\icudt53l\fr_DJ.res" 326
"..\..\..\Engine\Content\Localization\ICU\icudt53l\curr\fr_DJ.res" 327
"..\..\..\Engine\Content\Localization\ICU\icudt53l\fr_DZ.res" 328
"..\..\..\Engine\Content\Localization\ICU\icudt53l\curr\fr_DZ.res" 329
"..\..\..\Engine\Content\Localization\ICU\icudt53l\fr_GA.res" 330
"..\..\..\Engine\Content\Localization\ICU\icudt53l\fr_GF.res" 331
"..\..\..\Engine\Content\Localization\ICU\icudt53l\fr_GN.res" 332
"..\..\..\Engine\Content\Localization\ICU\icudt53l\curr\fr_GN.res" 333
"..\..\..\Engine\Content\Localization\ICU\icudt53l\fr_GP.res" 334
"..\..\..\Engine\Content\Localization\ICU\icudt53l\fr_GQ.res" 335
"..\..\..\Engine\Content\Localization\ICU\icudt53l\fr_HT.res" 336
"..\..\..\Engine\Content\Localization\ICU\icudt53l\curr\fr_HT.res" 337
"..\..\..\Engine\Content\Localization\ICU\icudt53l\fr_KM.res" 338
"..\..\..\Engine\Content\Localization\ICU\icudt53l\curr\fr_KM.res" 339
"..\..\..\Engine\Content\Localization\ICU\icudt53l\fr_LU.res" 340
"..\..\..\Engine\Content\Localization\ICU\icudt53l\curr\fr_LU.res" 341
"..\..\..\Engine\Content\Localization\ICU\icudt53l\fr_MA.res" 342
"..\..\..\Engine\Content\Localization\ICU\icudt53l\fr_MC.res" 343
"..\..\..\Engine\Content\Localization\ICU\icudt53l\fr_MF.res" 344
"..\..\..\Engine\Content\Localization\ICU\icudt53l\fr_MG.res" 345
"..\..\..\Engine\Content\Localization\ICU\icudt53l\curr\fr_MG.res" 346
"..\..\..\Engine\Content\Localization\ICU\icudt53l\fr_ML.res" 347
"..\..\..\Engine\Content\Localization\ICU\icudt53l\fr_MQ.res" 348
"..\..\..\Engine\Content\Localization\ICU\icudt53l\fr_MR.res" 349
"..\..\..\Engine\Content\Localization\ICU\icudt53l\curr\fr_MR.res" 350
"..\..\..\Engine\Content\Localization\ICU\icudt53l\fr_MU.res" 351
"..\..\..\Engine\Content\Localization\ICU\icudt53l\curr\fr_MU.res" 352
"..\..\..\Engine\Content\Localization\ICU\icudt53l\fr_NC.res" 353
"..\..\..\Engine\Content\Localization\ICU\icudt53l\fr_NE.res" 354
"..\..\..\Engine\Content\Localization\ICU\icudt53l\fr_PF.res" 355
"..\..\..\Engine\Content\Localization\ICU\icudt53l\fr_PM.res" 356
"..\..\..\Engine\Content\Localization\ICU\icudt53l\fr_RE.res" 357
"..\..\..\Engine\Content\Localization\ICU\icudt53l\fr_RW.res" 358
"..\..\..\Engine\Content\Localization\ICU\icudt53l\curr\fr_RW.res" 359
"..\..\..\Engine\Content\Localization\ICU\icudt53l\fr_SC.res" 360
"..\..\..\Engine\Content\Localization\ICU\icudt53l\curr\fr_SC.res" 361
"..\..\..\Engine\Content\Localization\ICU\icudt53l\fr_SN.res" 362
"..\..\..\Engine\Content\Localization\ICU\icudt53l\fr_SY.res" 363
"..\..\..\Engine\Content\Localization\ICU\icudt53l\curr\fr_SY.res" 364
"..\..\..\Engine\Content\Localization\ICU\icudt53l\fr_TD.res" 365
"..\..\..\Engine\Content\Localization\ICU\icudt53l\fr_TG.res" 366
"..\..\..\Engine\Content\Localization\ICU\icudt53l\fr_TN.res" 367
"..\..\..\Engine\Content\Localization\ICU\icudt53l\curr\fr_TN.res" 368
"..\..\..\Engine\Content\Localization\ICU\icudt53l\fr_VU.res" 369
"..\..\..\Engine\Content\Localization\ICU\icudt53l\curr\fr_VU.res" 370
"..\..\..\Engine\Content\Localization\ICU\icudt53l\fr_WF.res" 371
"..\..\..\Engine\Content\Localization\ICU\icudt53l\fr_YT.res" 372
"..\..\..\Engine\Content\Localization\ICU\icudt53l\coll\hi.res" 373
"..\..\..\Engine\Content\Localization\ICU\icudt53l\hi.res" 374
"..\..\..\Engine\Content\Localization\ICU\icudt53l\curr\hi.res" 375
"..\..\..\Engine\Content\Localization\ICU\icudt53l\hi_IN.res" 376
"..\..\..\Engine\Content\Localization\ICU\icudt53l\coll\it.res" 377
"..\..\..\Engine\Content\Localization\ICU\icudt53l\it.res" 378
"..\..\..\Engine\Content\Localization\ICU\icudt53l\curr\it.res" 379
"..\..\..\Engine\Content\Localization\ICU\icudt53l\it_IT.res" 380
"..\..\..\Engine\Content\Localization\ICU\icudt53l\it_CH.res" 381
"..\..\..\Engine\Content\Localization\ICU\icudt53l\curr\it_CH.res" 382
"..\..\..\Engine\Content\Localization\ICU\icudt53l\it_SM.res" 383
"..\..\..\Engine\Content\Localization\ICU\icudt53l\coll\ja.res" 384
"..\..\..\Engine\Content\Localization\ICU\icudt53l\ja.res" 385
"..\..\..\Engine\Content\Localization\ICU\icudt53l\curr\ja.res" 386
"..\..\..\Engine\Content\Localization\ICU\icudt53l\ja_JP.res" 387
"..\..\..\Engine\Content\Localization\ICU\icudt53l\curr\ja_JP.res" 388
"..\..\..\Engine\Content\Localization\ICU\icudt53l\coll\ko.res" 389
"..\..\..\Engine\Content\Localization\ICU\icudt53l\ko.res" 390
"..\..\..\Engine\Content\Localization\ICU\icudt53l\curr\ko.res" 391
"..\..\..\Engine\Content\Localization\ICU\icudt53l\ko_KR.res" 392
"..\..\..\Engine\Content\Localization\ICU\icudt53l\ko_KP.res" 393
"..\..\..\Engine\Content\Localization\ICU\icudt53l\coll\leet.res" 394
"..\..\..\Engine\Content\Localization\ICU\icudt53l\leet.res" 395
"..\..\..\Engine\Content\Localization\ICU\icudt53l\curr\leet.res" 396
"..\..\..\Engine\Content\Localization\ICU\icudt53l\coll\pl.res" 397
"..\..\..\Engine\Content\Localization\ICU\icudt53l\pl.res" 398
"..\..\..\Engine\Content\Localization\ICU\icudt53l\curr\pl.res" 399
"..\..\..\Engine\Content\Localization\ICU\icudt53l\pl_PL.res" 400
"..\..\..\Engine\Content\Localization\ICU\icudt53l\coll\pt.res" 401
"..\..\..\Engine\Content\Localization\ICU\icudt53l\pt.res" 402
"..\..\..\Engine\Content\Localization\ICU\icudt53l\curr\pt.res" 403
"..\..\..\Engine\Content\Localization\ICU\icudt53l\pt_BR.res" 404
"..\..\..\Engine\Content\Localization\ICU\icudt53l\pt_AO.res" 405
"..\..\..\Engine\Content\Localization\ICU\icudt53l\pt_PT.res" 406
"..\..\..\Engine\Content\Localization\ICU\icudt53l\curr\pt_AO.res" 407
"..\..\..\Engine\Content\Localization\ICU\icudt53l\curr\pt_PT.res" 408
"..\..\..\Engine\Content\Localization\ICU\icudt53l\pt_CV.res" 409
"..\..\..\Engine\Content\Localization\ICU\icudt53l\curr\pt_CV.res" 410
"..\..\..\Engine\Content\Localization\ICU\icudt53l\pt_GW.res" 411
"..\..\..\Engine\Content\Localization\ICU\icudt53l\curr\pt_GW.res" 412
"..\..\..\Engine\Content\Localization\ICU\icudt53l\pt_MO.res" 413
"..\..\..\Engine\Content\Localization\ICU\icudt53l\curr\pt_MO.res" 414
"..\..\..\Engine\Content\Localization\ICU\icudt53l\pt_MZ.res" 415
"..\..\..\Engine\Content\Localization\ICU\icudt53l\curr\pt_MZ.res" 416
"..\..\..\Engine\Content\Localization\ICU\icudt53l\pt_ST.res" 417
"..\..\..\Engine\Content\Localization\ICU\icudt53l\curr\pt_ST.res" 418
"..\..\..\Engine\Content\Localization\ICU\icudt53l\pt_TL.res" 419
"..\..\..\Engine\Content\Localization\ICU\icudt53l\curr\pt_TL.res" 420
"..\..\..\Engine\Content\Localization\ICU\icudt53l\coll\ru.res" 421
"..\..\..\Engine\Content\Localization\ICU\icudt53l\ru.res" 422
"..\..\..\Engine\Content\Localization\ICU\icudt53l\curr\ru.res" 423
"..\..\..\Engine\Content\Localization\ICU\icudt53l\ru_RU.res" 424
"..\..\..\Engine\Content\Localization\ICU\icudt53l\ru_BY.res" 425
"..\..\..\Engine\Content\Localization\ICU\icudt53l\curr\ru_BY.res" 426
"..\..\..\Engine\Content\Localization\ICU\icudt53l\ru_KG.res" 427
"..\..\..\Engine\Content\Localization\ICU\icudt53l\curr\ru_KG.res" 428
"..\..\..\Engine\Content\Localization\ICU\icudt53l\ru_KZ.res" 429
"..\..\..\Engine\Content\Localization\ICU\icudt53l\curr\ru_KZ.res" 430
"..\..\..\Engine\Content\Localization\ICU\icudt53l\ru_MD.res" 431
"..\..\..\Engine\Content\Localization\ICU\icudt53l\curr\ru_MD.res" 432
"..\..\..\Engine\Content\Localization\ICU\icudt53l\ru_UA.res" 433
"..\..\..\Engine\Content\Localization\ICU\icudt53l\coll\sv.res" 434
"..\..\..\Engine\Content\Localization\ICU\icudt53l\sv.res" 435
"..\..\..\Engine\Content\Localization\ICU\icudt53l\curr\sv.res" 436
"..\..\..\Engine\Content\Localization\ICU\icudt53l\sv_SE.res" 437
"..\..\..\Engine\Content\Localization\ICU\icudt53l\sv_AX.res" 438
"..\..\..\Engine\Content\Localization\ICU\icudt53l\sv_FI.res" 439
"..\..\..\Engine\Content\Localization\ICU\icudt53l\coll\zh.res" 440
"..\..\..\Engine\Content\Localization\ICU\icudt53l\zh.res" 441
"..\..\..\Engine\Content\Localization\ICU\icudt53l\curr\zh.res" 442
"..\..\..\Engine\Content\Localization\ICU\icudt53l\zh_CN.res" 443
"..\..\..\Engine\Content\Localization\ICU\icudt53l\zh_Hans_CN.res" 444
"..\..\..\Engine\Content\Localization\ICU\icudt53l\zh_Hans.res" 445
"..\..\..\Engine\Content\Localization\ICU\icudt53l\coll\zh_Hans.res" 446
"..\..\..\Engine\Content\Localization\ICU\icudt53l\curr\zh_Hans.res" 447
"..\..\..\Engine\Content\Localization\ICU\icudt53l\coll\zh_Hans_CN.res" 448
"..\..\..\Engine\Content\Localization\ICU\icudt53l\curr\zh_Hans_CN.res" 449
"..\..\..\Engine\Content\Localization\ICU\icudt53l\zh_Hans_HK.res" 450
"..\..\..\Engine\Content\Localization\ICU\icudt53l\curr\zh_Hans_HK.res" 451
"..\..\..\Engine\Content\Localization\ICU\icudt53l\zh_Hans_MO.res" 452
"..\..\..\Engine\Content\Localization\ICU\icudt53l\curr\zh_Hans_MO.res" 453
"..\..\..\Engine\Content\Localization\ICU\icudt53l\coll\zh_Hans_SG.res" 454
"..\..\..\Engine\Content\Localization\ICU\icudt53l\zh_Hans_SG.res" 455
"..\..\..\Engine\Content\Localization\ICU\icudt53l\curr\zh_Hans_SG.res" 456
"..\..\..\Engine\Content\Localization\ICU\icudt53l\zh_SG.res" 457
"..\..\..\Engine\Content\Localization\ICU\icudt53l\coll\zh_Hant.res" 458
"..\..\..\Engine\Content\Localization\ICU\icudt53l\zh_Hant.res" 459
"..\..\..\Engine\Content\Localization\ICU\icudt53l\curr\zh_Hant.res" 460
"..\..\..\Engine\Content\Localization\ICU\icudt53l\zh_TW.res" 461
"..\..\..\Engine\Content\Localization\ICU\icudt53l\zh_Hant_TW.res" 462
"..\..\..\Engine\Content\Localization\ICU\icudt53l\coll\zh_Hant_HK.res" 463
"..\..\..\Engine\Content\Localization\ICU\icudt53l\zh_Hant_HK.res" 464
"..\..\..\Engine\Content\Localization\ICU\icudt53l\curr\zh_Hant_HK.res" 465
"..\..\..\Engine\Content\Localization\ICU\icudt53l\zh_HK.res" 466
"..\..\..\Engine\Content\Localization\ICU\icudt53l\coll\zh_Hant_MO.res" 467
"..\..\..\Engine\Content\Localization\ICU\icudt53l\zh_Hant_MO.res" 468
"..\..\..\Engine\Content\Localization\ICU\icudt53l\curr\zh_Hant_MO.res" 469
"..\..\..\Engine\Content\Localization\ICU\icudt53l\zh_MO.res" 470
"..\..\..\Engine\Content\Localization\ICU\icudt53l\coll\zh_Hant_TW.res" 471
"..\..\..\Engine\Content\Localization\ICU\icudt53l\curr\zh_Hant_TW.res" 472
"../../../Engine/Config/Base.ini" 473
"../../../Engine/Config/BaseEngine.ini" 474
"../../../../../../Users/Wanja/Documents/Unreal Projects/Project-LIGHT/Config/DefaultEngine.ini" 475
"../../../Engine/Config/Windows/WindowsEngine.ini" 476
"C:/Users/Wanja/Documents/Unreal Projects/Project-LIGHT/Saved/Config/Windows/Engine.ini" 477
"../../../../../../Users/Wanja/Documents/Unreal Projects/Project-LIGHT/Saved/Config/CleanSourceConfigs/Engine.ini" 478
"../../../Engine/Config/BaseGame.ini" 479
"../../../../../../Users/Wanja/Documents/Unreal Projects/Project-LIGHT/Config/DefaultGame.ini" 480
"C:/Users/Wanja/Documents/Unreal Projects/Project-LIGHT/Saved/Config/Windows/Game.ini" 481
"../../../../../../Users/Wanja/Documents/Unreal Projects/Project-LIGHT/Saved/Config/CleanSourceConfigs/Game.ini" 482
"../../../Engine/Config/BaseInput.ini" 483
"../../../../../../Users/Wanja/Documents/Unreal Projects/Project-LIGHT/Config/DefaultInput.ini" 484
"C:/Users/Wanja/Documents/Unreal Projects/Project-LIGHT/Saved/Config/Windows/Input.ini" 485
"../../../../../../Users/Wanja/Documents/Unreal Projects/Project-LIGHT/Saved/Config/CleanSourceConfigs/Input.ini" 486
"../../../Engine/Config/BaseEditor.ini" 487
"../../../../../../Users/Wanja/Documents/Unreal Projects/Project-LIGHT/Config/DefaultEditor.ini" 488
"C:/Users/Wanja/Documents/Unreal Projects/Project-LIGHT/Saved/Config/Windows/Editor.ini" 489
"../../../../../../Users/Wanja/Documents/Unreal Projects/Project-LIGHT/Saved/Config/CleanSourceConfigs/Editor.ini" 490
"../../../Engine/Config/BaseEditorLayout.ini" 491
"C:/Users/Wanja/Documents/Unreal Projects/Project-LIGHT/Saved/Config/Windows/EditorLayout.ini" 492
"../../../../../../Users/Wanja/Documents/Unreal Projects/Project-LIGHT/Saved/Config/CleanSourceConfigs/EditorLayout.ini" 493
"../../../Engine/Config/BaseEditorUserSettings.ini" 494
"C:/Users/Wanja/Documents/Unreal Projects/Project-LIGHT/Saved/Config/Windows/EditorUserSettings.ini" 495
"../../../../../../Users/Wanja/Documents/Unreal Projects/Project-LIGHT/Saved/Config/CleanSourceConfigs/EditorUserSettings.ini" 496
"../../../Engine/Config/BaseEditorKeyBindings.ini" 497
"C:/Users/Wanja/Documents/Unreal Projects/Project-LIGHT/Saved/Config/Windows/EditorKeyBindings.ini" 498
"../../../../../../Users/Wanja/Documents/Unreal Projects/Project-LIGHT/Saved/Config/CleanSourceConfigs/EditorKeyBindings.ini" 499
"../../../Engine/Config/BaseCompat.ini" 500
"C:/Users/Wanja/Documents/Unreal Projects/Project-LIGHT/Saved/Config/Windows/Compat.ini" 501
"../../../../../../Users/Wanja/Documents/Unreal Projects/Project-LIGHT/Saved/Config/CleanSourceConfigs/Compat.ini" 502
"../../../Engine/Config/BaseLightmass.ini" 503
"C:/Users/Wanja/Documents/Unreal Projects/Project-LIGHT/Saved/Config/Windows/Lightmass.ini" 504
"../../../../../../Users/Wanja/Documents/Unreal Projects/Project-LIGHT/Saved/Config/CleanSourceConfigs/Lightmass.ini" 505
"../../../Engine/Config/BaseScalability.ini" 506
"C:/Users/Wanja/Documents/Unreal Projects/Project-LIGHT/Saved/Config/Windows/Scalability.ini" 507
"../../../../../../Users/Wanja/Documents/Unreal Projects/Project-LIGHT/Saved/Config/CleanSourceConfigs/Scalability.ini" 508
"C:/Users/Wanja/Documents/Unreal Projects/Project-LIGHT/Saved/Config/Windows/GameUserSettings.ini" 509
"../../../../../../Users/Wanja/Documents/Unreal Projects/Project-LIGHT/Saved/Config/CleanSourceConfigs/GameUserSettings.ini" 510
"../../../Engine/Config/BaseDeviceProfiles.ini" 511
"C:/Users/Wanja/Documents/Unreal Projects/Project-LIGHT/Saved/Config/Windows/DeviceProfiles.ini" 512
"../../../../../../Users/Wanja/Documents/Unreal Projects/Project-LIGHT/Saved/Config/CleanSourceConfigs/DeviceProfiles.ini" 513
"../../../Engine/Config/ConsoleVariables.ini" 514
"C:/Program Files/Epic Games/4.5/Engine/Content/Localization/Editor/en/Editor.locres" 515
"C:/Program Files/Epic Games/4.5/Engine/Content/Localization/EditorTutorials/en/EditorTutorials.locres" 516
"C:/Program Files/Epic Games/4.5/Engine/Content/Localization/Engine/en/Engine.locres" 517
"C:/Program Files/Epic Games/4.5/Engine/Binaries/Win64/../../../Engine/Shaders/ParticleSpriteVertexFactory.usf" 518
"C:/Program Files/Epic Games/4.5/Engine/Binaries/Win64/../../../Engine/Shaders/VertexFactoryCommon.usf" 519
"C:/Program Files/Epic Games/4.5/Engine/Binaries/Win64/../../../Engine/Shaders/Common.usf" 520
"C:/Program Files/Epic Games/4.5/Engine/Binaries/Win64/../../../Engine/Shaders/ShaderVersion.usf" 521
"C:/Program Files/Epic Games/4.5/Engine/Binaries/Win64/../../../Engine/Shaders/Definitions.usf" 522
"C:/Program Files/Epic Games/4.5/Engine/Binaries/Win64/../../../Engine/Shaders/Random.usf" 523
"C:/Program Files/Epic Games/4.5/Engine/Binaries/Win64/../../../Engine/Shaders/ParticleVertexFactoryCommon.usf" 524
"C:/Program Files/Epic Games/4.5/Engine/Binaries/Win64/../../../Engine/Shaders/ParticleGPUSpriteVertexFactory.usf" 525
"C:/Program Files/Epic Games/4.5/Engine/Binaries/Win64/../../../Engine/Shaders/ParticleBeamTrailVertexFactory.usf" 526
"C:/Program Files/Epic Games/4.5/Engine/Binaries/Win64/../../../Engine/Shaders/LandscapeVertexFactory.usf" 527
"C:/Program Files/Epic Games/4.5/Engine/Binaries/Win64/../../../Engine/Shaders/VectorFieldVisualizationVertexFactory.usf" 528
"C:/Program Files/Epic Games/4.5/Engine/Binaries/Win64/../../../Engine/Shaders/LocalVertexFactory.usf" 529
"C:/Program Files/Epic Games/4.5/Engine/Binaries/Win64/../../../Engine/Shaders/LocalVertexFactoryCommon.usf" 530
"C:/Program Files/Epic Games/4.5/Engine/Binaries/Win64/../../../Engine/Shaders/MeshParticleVertexFactory.usf" 531
"C:/Program Files/Epic Games/4.5/Engine/Binaries/Win64/../../../Engine/Shaders/GpuSkinVertexFactory.usf" 532
"C:/Program Files/Epic Games/4.5/Engine/Binaries/Win64/../../../Engine/Shaders/GpuSkinCacheCommon.usf" 533
"C:/Program Files/Epic Games/4.5/Engine/Binaries/Win64/../../../Engine/Shaders/SlateElementPixelShader.usf" 534
"C:/Program Files/Epic Games/4.5/Engine/Binaries/Win64/../../../Engine/Shaders/MaterialTemplate.usf" 535
"C:/Program Files/Epic Games/4.5/Engine/Binaries/Win64/../../../Engine/Shaders/DepthOfFieldCommon.usf" 536
"C:/Program Files/Epic Games/4.5/Engine/Binaries/Win64/../../../Engine/Shaders/SpeedTreeCommon.usf" 537
"C:/Program Files/Epic Games/4.5/Engine/Binaries/Win64/../../../Engine/Shaders/AtmosphereCommon.usf" 538
"C:/Program Files/Epic Games/4.5/Engine/Binaries/Win64/../../../Engine/Shaders/PostProcessCommon.usf" 539
"C:/Program Files/Epic Games/4.5/Engine/Binaries/Win64/../../../Engine/Shaders/DeferredShadingCommon.usf" 540
"C:/Program Files/Epic Games/4.5/Engine/Binaries/Win64/../../../Engine/Shaders/LightAccumulator.usf" 541
"C:/Program Files/Epic Games/4.5/Engine/Binaries/Win64/../../../Engine/Shaders/SlateVertexShader.usf" 542
"C:/Program Files/Epic Games/4.5/Engine/Binaries/Win64/../../../Engine/Shaders/OneColorShader.usf" 543
"C:/Program Files/Epic Games/4.5/Engine/Binaries/Win64/../../../Engine/Shaders/ResolveVertexShader.usf" 544
"C:/Program Files/Epic Games/4.5/Engine/Binaries/Win64/../../../Engine/Shaders/ResolvePixelShader.usf" 545
"C:/Program Files/Epic Games/4.5/Engine/Binaries/Win64/../../../Engine/Shaders/VisualizeTexture.usf" 546
"C:/Program Files/Epic Games/4.5/Engine/Binaries/Win64/../../../Engine/Shaders/ScreenSpaceReflections.usf" 547
"C:/Program Files/Epic Games/4.5/Engine/Binaries/Win64/../../../Engine/Shaders/BRDF.usf" 548
"C:/Program Files/Epic Games/4.5/Engine/Binaries/Win64/../../../Engine/Shaders/MonteCarlo.usf" 549
"C:/Program Files/Epic Games/4.5/Engine/Binaries/Win64/../../../Engine/Shaders/FilterVertexShader.usf" 550
"C:/Program Files/Epic Games/4.5/Engine/Binaries/Win64/../../../Engine/Shaders/FilterPixelShader.usf" 551
"C:/Program Files/Epic Games/4.5/Engine/Binaries/Win64/../../../Engine/Shaders/PostProcessVisualizeHDR.usf" 552
"C:/Program Files/Epic Games/4.5/Engine/Binaries/Win64/../../../Engine/Shaders/PostProcessHistogramCommon.usf" 553
"C:/Program Files/Epic Games/4.5/Engine/Binaries/Win64/../../../Engine/Shaders/TonemapCommon.usf" 554
"C:/Program Files/Epic Games/4.5/Engine/Binaries/Win64/../../../Engine/Shaders/MiniFontCommon.usf" 555
"C:/Program Files/Epic Games/4.5/Engine/Binaries/Win64/../../../Engine/Shaders/PostProcessVisualizeBuffer.usf" 556
"C:/Program Files/Epic Games/4.5/Engine/Binaries/Win64/../../../Engine/Shaders/PostProcessUpscale.usf" 557
"C:/Program Files/Epic Games/4.5/Engine/Binaries/Win64/../../../Engine/Shaders/PostProcessTonemap.usf" 558
"C:/Program Files/Epic Games/4.5/Engine/Binaries/Win64/../../../Engine/Shaders/PostProcessTestImage.usf" 559
"C:/Program Files/Epic Games/4.5/Engine/Binaries/Win64/../../../Engine/Shaders/PostProcessTemporalAA.usf" 560
"C:/Program Files/Epic Games/4.5/Engine/Binaries/Win64/../../../Engine/Shaders/PostProcessTemporalCommon.usf" 561
"C:/Program Files/Epic Games/4.5/Engine/Binaries/Win64/../../../Engine/Shaders/PostProcessSubsurface.usf" 562
"C:/Program Files/Epic Games/4.5/Engine/Binaries/Win64/../../../Engine/Shaders/SeparableSSS.usf" 563
"C:/Program Files/Epic Games/4.5/Engine/Binaries/Win64/../../../Engine/Shaders/PostProcessSelectionOutline.usf" 564
"C:/Program Files/Epic Games/4.5/Engine/Binaries/Win64/../../../Engine/Shaders/PostProcessSceneColorFringe.usf" 565
"C:/Program Files/Epic Games/4.5/Engine/Binaries/Win64/../../../Engine/Shaders/PostProcessNoiseBlur.usf" 566
"C:/Program Files/Epic Games/4.5/Engine/Binaries/Win64/../../../Engine/Shaders/PostProcessMotionBlur.usf" 567
"C:/Program Files/Epic Games/4.5/Engine/Binaries/Win64/../../../Engine/Shaders/MorpheusInclude.usf" 568
"C:/Program Files/Epic Games/4.5/Engine/Binaries/Win64/../../../Engine/Shaders/PostProcessMobile.usf" 569
"C:/Program Files/Epic Games/4.5/Engine/Binaries/Win64/../../../Engine/Shaders/PostProcessMaterialShaders.usf" 570
"C:/Program Files/Epic Games/4.5/Engine/Binaries/Win64/../../../Engine/Shaders/PostProcessLensFlares.usf" 571
"C:/Program Files/Epic Games/4.5/Engine/Binaries/Win64/../../../Engine/Shaders/PostProcessLensBlur.usf" 572
"C:/Program Files/Epic Games/4.5/Engine/Binaries/Win64/../../../Engine/Shaders/PostProcessBloom.usf" 573
"C:/Program Files/Epic Games/4.5/Engine/Binaries/Win64/../../../Engine/Shaders/PostProcessHMD.usf" 574
"C:/Program Files/Epic Games/4.5/Engine/Binaries/Win64/../../../Engine/Shaders/PostProcessHistogramReduce.usf" 575
"C:/Program Files/Epic Games/4.5/Engine/Binaries/Win64/../../../Engine/Shaders/PostProcessHistogram.usf" 576
"C:/Program Files/Epic Games/4.5/Engine/Binaries/Win64/../../../Engine/Shaders/PostProcessGBufferHints.usf" 577
"C:/Program Files/Epic Games/4.5/Engine/Binaries/Win64/../../../Engine/Shaders/PostProcessEyeAdaptation.usf" 578
"C:/Program Files/Epic Games/4.5/Engine/Binaries/Win64/../../../Engine/Shaders/PostProcessDownsample.usf" 579
"C:/Program Files/Epic Games/4.5/Engine/Binaries/Win64/../../../Engine/Shaders/PostProcessDOF.usf" 580
"C:/Program Files/Epic Games/4.5/Engine/Binaries/Win64/../../../Engine/Shaders/PostProcessCompositeEditorPrimitives.usf" 581
"C:/Program Files/Epic Games/4.5/Engine/Binaries/Win64/../../../Engine/Shaders/PostProcessCombineLUTs.usf" 582
"C:/Program Files/Epic Games/4.5/Engine/Binaries/Win64/../../../Engine/Shaders/PostProcessBusyWait.usf" 583
"C:/Program Files/Epic Games/4.5/Engine/Binaries/Win64/../../../Engine/Shaders/PostProcessBokehDOF.usf" 584
"C:/Program Files/Epic Games/4.5/Engine/Binaries/Win64/../../../Engine/Shaders/FXAAShader.usf" 585
"C:/Program Files/Epic Games/4.5/Engine/Binaries/Win64/../../../Engine/Shaders/Fxaa3_11.usf" 586
"C:/Program Files/Epic Games/4.5/Engine/Binaries/Win64/../../../Engine/Shaders/PostProcessPassThrough.usf" 587
"C:/Program Files/Epic Games/4.5/Engine/Binaries/Win64/../../../Engine/Shaders/PostProcessLpvIndirect.usf" 588
"C:/Program Files/Epic Games/4.5/Engine/Binaries/Win64/../../../Engine/Shaders/DeferredLightingCommon.usf" 589
"C:/Program Files/Epic Games/4.5/Engine/Binaries/Win64/../../../Engine/Shaders/DynamicLightingCommon.usf" 590
"C:/Program Files/Epic Games/4.5/Engine/Binaries/Win64/../../../Engine/Shaders/IESLightProfilesCommon.usf" 591
"C:/Program Files/Epic Games/4.5/Engine/Binaries/Win64/../../../Engine/Shaders/LPVFinalPass.usf" 592
"C:/Program Files/Epic Games/4.5/Engine/Binaries/Win64/../../../Engine/Shaders/LPVCommon.usf" 593
"C:/Program Files/Epic Games/4.5/Engine/Binaries/Win64/../../../Engine/Shaders/DeferredDecal.usf" 594
"C:/Program Files/Epic Games/4.5/Engine/Binaries/Win64/../../../Engine/Shaders/PostProcessAmbientOcclusion.usf" 595
"C:/Program Files/Epic Games/4.5/Engine/Binaries/Win64/../../../Engine/Shaders/PostProcessAmbient.usf" 596
"C:/Program Files/Epic Games/4.5/Engine/Binaries/Win64/../../../Engine/Shaders/CubemapCommon.usf" 597
"C:/Program Files/Epic Games/4.5/Engine/Binaries/Win64/../../../Engine/Shaders/VelocityShader.usf" 598
"C:/Program Files/Epic Games/4.5/Engine/Binaries/Win64/../../../Engine/Shaders/Tessellation.usf" 599
"C:/Program Files/Epic Games/4.5/Engine/Binaries/Win64/../../../Engine/Shaders/FlatTessellation.usf" 600
"C:/Program Files/Epic Games/4.5/Engine/Binaries/Win64/../../../Engine/Shaders/PNTriangles.usf" 601
"C:/Program Files/Epic Games/4.5/Engine/Binaries/Win64/../../../Engine/Shaders/TranslucentLightingShaders.usf" 602
"C:/Program Files/Epic Games/4.5/Engine/Binaries/Win64/../../../Engine/Shaders/SHCommon.usf" 603
"C:/Program Files/Epic Games/4.5/Engine/Binaries/Win64/../../../Engine/Shaders/ShadowProjectionCommon.usf" 604
"C:/Program Files/Epic Games/4.5/Engine/Binaries/Win64/../../../Engine/Shaders/TranslucentLightInjectionShaders.usf" 605
"C:/Program Files/Epic Games/4.5/Engine/Binaries/Win64/../../../Engine/Shaders/LightFunctionCommon.usf" 606
"C:/Program Files/Epic Games/4.5/Engine/Binaries/Win64/../../../Engine/Shaders/TranslucentShadowDepthShaders.usf" 607
"C:/Program Files/Epic Games/4.5/Engine/Binaries/Win64/../../../Engine/Shaders/ShadowDepthCommon.usf" 608
"C:/Program Files/Epic Games/4.5/Engine/Binaries/Win64/../../../Engine/Shaders/TiledDeferredLightShaders.usf" 609
"C:/Program Files/Epic Games/4.5/Engine/Binaries/Win64/../../../Engine/Shaders/ShadowProjectionPixelShader.usf" 610
"C:/Program Files/Epic Games/4.5/Engine/Binaries/Win64/../../../Engine/Shaders/ShadowFilteringCommon.usf" 611
"C:/Program Files/Epic Games/4.5/Engine/Binaries/Win64/../../../Engine/Shaders/ShadowProjectionVertexShader.usf" 612
"C:/Program Files/Epic Games/4.5/Engine/Binaries/Win64/../../../Engine/Shaders/ShadowDepthPixelShader.usf" 613
"C:/Program Files/Epic Games/4.5/Engine/Binaries/Win64/../../../Engine/Shaders/LPVWriteVplCommon.usf" 614
"C:/Program Files/Epic Games/4.5/Engine/Binaries/Win64/../../../Engine/Shaders/LPVWriteCommon.usf" 615
"C:/Program Files/Epic Games/4.5/Engine/Binaries/Win64/../../../Engine/Shaders/ShadowDepthVertexShader.usf" 616
"C:/Program Files/Epic Games/4.5/Engine/Binaries/Win64/../../../Engine/Shaders/ShaderComplexityApplyPixelShader.usf" 617
"C:/Program Files/Epic Games/4.5/Engine/Binaries/Win64/../../../Engine/Shaders/ShaderComplexityApplyVertexShader.usf" 618
"C:/Program Files/Epic Games/4.5/Engine/Binaries/Win64/../../../Engine/Shaders/ShaderComplexityAccumulatePixelShader.usf" 619
"C:/Program Files/Epic Games/4.5/Engine/Binaries/Win64/../../../Engine/Shaders/HZBOcclusion.usf" 620
"C:/Program Files/Epic Games/4.5/Engine/Binaries/Win64/../../../Engine/Shaders/OcclusionQueryVertexShader.usf" 621
"C:/Program Files/Epic Games/4.5/Engine/Binaries/Win64/../../../Engine/Shaders/HitProxyPixelShader.usf" 622
"C:/Program Files/Epic Games/4.5/Engine/Binaries/Win64/../../../Engine/Shaders/HitProxyVertexShader.usf" 623
"C:/Program Files/Epic Games/4.5/Engine/Binaries/Win64/../../../Engine/Shaders/ReflectionEnvironmentShaders.usf" 624
"C:/Program Files/Epic Games/4.5/Engine/Binaries/Win64/../../../Engine/Shaders/ReflectionEnvironmentShared.usf" 625
"C:/Program Files/Epic Games/4.5/Engine/Binaries/Win64/../../../Engine/Shaders/SkyLightingShared.usf" 626
"C:/Program Files/Epic Games/4.5/Engine/Binaries/Win64/../../../Engine/Shaders/ReflectionEnvironmentComputeShaders.usf" 627
"C:/Program Files/Epic Games/4.5/Engine/Binaries/Win64/../../../Engine/Shaders/LightShaftShader.usf" 628
"C:/Program Files/Epic Games/4.5/Engine/Binaries/Win64/../../../Engine/Shaders/StationaryLightOverlapShaders.usf" 629
"C:/Program Files/Epic Games/4.5/Engine/Binaries/Win64/../../../Engine/Shaders/DeferredLightPixelShaders.usf" 630
"C:/Program Files/Epic Games/4.5/Engine/Binaries/Win64/../../../Engine/Shaders/DeferredLightVertexShaders.usf" 631
"C:/Program Files/Epic Games/4.5/Engine/Binaries/Win64/../../../Engine/Shaders/LPVVisualise.usf" 632
"C:/Program Files/Epic Games/4.5/Engine/Binaries/Win64/../../../Engine/Shaders/LPVGeometryVolumeCommon.usf" 633
"C:/Program Files/Epic Games/4.5/Engine/Binaries/Win64/../../../Engine/Shaders/LPVDirectLightInject.usf" 634
"C:/Program Files/Epic Games/4.5/Engine/Binaries/Win64/../../../Engine/Shaders/LPVPropagate.usf" 635
"C:/Program Files/Epic Games/4.5/Engine/Binaries/Win64/../../../Engine/Shaders/LPVBuildGeometryVolume.usf" 636
"C:/Program Files/Epic Games/4.5/Engine/Binaries/Win64/../../../Engine/Shaders/LPVInject_AccumulateVplLists.usf" 637
"C:/Program Files/Epic Games/4.5/Engine/Binaries/Win64/../../../Engine/Shaders/LPVInject_GenerateVplLists.usf" 638
"C:/Program Files/Epic Games/4.5/Engine/Binaries/Win64/../../../Engine/Shaders/LPVClearLists.usf" 639
"C:/Program Files/Epic Games/4.5/Engine/Binaries/Win64/../../../Engine/Shaders/LPVClear.usf" 640
"C:/Program Files/Epic Games/4.5/Engine/Binaries/Win64/../../../Engine/Shaders/LightMapDensityShader.usf" 641
"C:/Program Files/Epic Games/4.5/Engine/Binaries/Win64/../../../Engine/Shaders/LightFunctionPixelShader.usf" 642
"C:/Program Files/Epic Games/4.5/Engine/Binaries/Win64/../../../Engine/Shaders/LightFunctionVertexShader.usf" 643
"C:/Program Files/Epic Games/4.5/Engine/Binaries/Win64/../../../Engine/Shaders/HdrCustomResolveShaders.usf" 644
"C:/Program Files/Epic Games/4.5/Engine/Binaries/Win64/../../../Engine/Shaders/GPUBenchmark.usf" 645
"C:/Program Files/Epic Games/4.5/Engine/Binaries/Win64/../../../Engine/Shaders/GammaCorrection.usf" 646
"C:/Program Files/Epic Games/4.5/Engine/Binaries/Win64/../../../Engine/Shaders/BasePassForForwardShadingPixelShader.usf" 647
"C:/Program Files/Epic Games/4.5/Engine/Binaries/Win64/../../../Engine/Shaders/BasePassForForwardShadingCommon.usf" 648
"C:/Program Files/Epic Games/4.5/Engine/Binaries/Win64/../../../Engine/Shaders/LightmapCommon.usf" 649
"C:/Program Files/Epic Games/4.5/Engine/Binaries/Win64/../../../Engine/Shaders/BasePassForForwardShadingVertexShader.usf" 650
"C:/Program Files/Epic Games/4.5/Engine/Binaries/Win64/../../../Engine/Shaders/HeightFogCommon.usf" 651
"C:/Program Files/Epic Games/4.5/Engine/Binaries/Win64/../../../Engine/Shaders/HeightFogPixelShader.usf" 652
"C:/Program Files/Epic Games/4.5/Engine/Binaries/Win64/../../../Engine/Shaders/HeightFogVertexShader.usf" 653
"C:/Program Files/Epic Games/4.5/Engine/Binaries/Win64/../../../Engine/Shaders/DistortAccumulatePS.usf" 654
"C:/Program Files/Epic Games/4.5/Engine/Binaries/Win64/../../../Engine/Shaders/DistortAccumulateVS.usf" 655
"C:/Program Files/Epic Games/4.5/Engine/Binaries/Win64/../../../Engine/Shaders/DistortApplyScreenPS.usf" 656
"C:/Program Files/Epic Games/4.5/Engine/Binaries/Win64/../../../Engine/Shaders/SkyLighting.usf" 657
"C:/Program Files/Epic Games/4.5/Engine/Binaries/Win64/../../../Engine/Shaders/DistanceFieldSurfaceCacheLighting.usf" 658
"C:/Program Files/Epic Games/4.5/Engine/Binaries/Win64/../../../Engine/Shaders/DistanceFieldLightingShared.usf" 659
"C:/Program Files/Epic Games/4.5/Engine/Binaries/Win64/../../../Engine/Shaders/DistanceFieldAOShared.usf" 660
"C:/Program Files/Epic Games/4.5/Engine/Binaries/Win64/../../../Engine/Shaders/DistanceFieldSurfaceCacheLightingCompute.usf" 661
"C:/Program Files/Epic Games/4.5/Engine/Binaries/Win64/../../../Engine/Shaders/DistanceFieldShadowing.usf" 662
"C:/Program Files/Epic Games/4.5/Engine/Binaries/Win64/../../../Engine/Shaders/DepthOnlyPixelShader.usf" 663
"C:/Program Files/Epic Games/4.5/Engine/Binaries/Win64/../../../Engine/Shaders/DepthOnlyVertexShader.usf" 664
"C:/Program Files/Epic Games/4.5/Engine/Binaries/Win64/../../../Engine/Shaders/PositionOnlyDepthVertexShader.usf" 665
"C:/Program Files/Epic Games/4.5/Engine/Binaries/Win64/../../../Engine/Shaders/DownsampleDepthPixelShader.usf" 666
"C:/Program Files/Epic Games/4.5/Engine/Binaries/Win64/../../../Engine/Shaders/BasePassPixelShader.usf" 667
"C:/Program Files/Epic Games/4.5/Engine/Binaries/Win64/../../../Engine/Shaders/BasePassCommon.usf" 668
"C:/Program Files/Epic Games/4.5/Engine/Binaries/Win64/../../../Engine/Shaders/BasePassVertexShader.usf" 669
"C:/Program Files/Epic Games/4.5/Engine/Binaries/Win64/../../../Engine/Shaders/BasePassVertexCommon.usf" 670
"C:/Program Files/Epic Games/4.5/Engine/Binaries/Win64/../../../Engine/Shaders/BasePassTessellationShaders.usf" 671
"C:/Program Files/Epic Games/4.5/Engine/Binaries/Win64/../../../Engine/Shaders/AtmospherePrecompute.usf" 672
"C:/Program Files/Epic Games/4.5/Engine/Binaries/Win64/../../../Engine/Shaders/AtmospherePrecomputeCommon.usf" 673
"C:/Program Files/Epic Games/4.5/Engine/Binaries/Win64/../../../Engine/Shaders/AtmospherePrecomputeInscatter.usf" 674
"C:/Program Files/Epic Games/4.5/Engine/Binaries/Win64/../../../Engine/Shaders/AtmosphericFogShader.usf" 675
"C:/Program Files/Epic Games/4.5/Engine/Binaries/Win64/../../../Engine/Shaders/ParticleSortKeyGen.usf" 676
"C:/Program Files/Epic Games/4.5/Engine/Binaries/Win64/../../../Engine/Shaders/ParticleBoundsShader.usf" 677
"C:/Program Files/Epic Games/4.5/Engine/Binaries/Win64/../../../Engine/Shaders/ParticleSimVisualizeShader.usf" 678
"C:/Program Files/Epic Games/4.5/Engine/Binaries/Win64/../../../Engine/Shaders/ParticleInjectionShader.usf" 679
"C:/Program Files/Epic Games/4.5/Engine/Binaries/Win64/../../../Engine/Shaders/ParticleSimulationShader.usf" 680
"C:/Program Files/Epic Games/4.5/Engine/Binaries/Win64/../../../Engine/Shaders/ParticleCurveInjectionShader.usf" 681
"C:/Program Files/Epic Games/4.5/Engine/Binaries/Win64/../../../Engine/Shaders/VectorFieldCompositeShaders.usf" 682
"C:/Program Files/Epic Games/4.5/Engine/Binaries/Win64/../../../Engine/Shaders/UpdateTextureShaders.usf" 683
"C:/Program Files/Epic Games/4.5/Engine/Binaries/Win64/../../../Engine/Shaders/SimpleElementColorChannelMaskPixelShader.usf" 684
"C:/Program Files/Epic Games/4.5/Engine/Binaries/Win64/../../../Engine/Shaders/SimpleElementHitProxyPixelShader.usf" 685
"C:/Program Files/Epic Games/4.5/Engine/Binaries/Win64/../../../Engine/Shaders/SimpleElementPixelShader.usf" 686
"C:/Program Files/Epic Games/4.5/Engine/Binaries/Win64/../../../Engine/Shaders/ColorUtils.usf" 687
"C:/Program Files/Epic Games/4.5/Engine/Binaries/Win64/../../../Engine/Shaders/SimpleElementVertexShader.usf" 688
"C:/Program Files/Epic Games/4.5/Engine/Binaries/Win64/../../../Engine/Shaders/ScreenVertexShader.usf" 689
"C:/Program Files/Epic Games/4.5/Engine/Binaries/Win64/../../../Engine/Shaders/ScreenPixelShader.usf" 690
"C:/Program Files/Epic Games/4.5/Engine/Binaries/Win64/../../../Engine/Shaders/RadixSortShaders.usf" 691
"C:/Program Files/Epic Games/4.5/Engine/Binaries/Win64/../../../Engine/Shaders/GpuSkinCacheComputeShader.usf" 692
"C:/Program Files/Epic Games/4.5/Engine/Binaries/Win64/../../../Engine/Shaders/NullPixelShader.usf" 693
"C:/Program Files/Epic Games/4.5/Engine/Binaries/Win64/../../../Engine/Shaders/ClearReplacementShaders.usf" 694
"C:/Program Files/Epic Games/4.5/Engine/Binaries/Win64/../../../Engine/Shaders/SimpleElementTexture2DPreviewPixelShader.usf" 695
"C:/Program Files/Epic Games/4.5/Engine/Binaries/Win64/../../../Engine/Shaders/SimpleElementNormalMapPixelShader.usf" 696
"C:/Program Files/Epic Games/4.5/Engine/Binaries/Win64/../../../Engine/Shaders/meshpaintdilatepixelshader.usf" 697
"C:/Program Files/Epic Games/4.5/Engine/Binaries/Win64/../../../Engine/Shaders/meshpaintdilatevertexshader.usf" 698
"C:/Program Files/Epic Games/4.5/Engine/Binaries/Win64/../../../Engine/Shaders/MeshPaintPixelShader.usf" 699
"C:/Program Files/Epic Games/4.5/Engine/Binaries/Win64/../../../Engine/Shaders/MeshPaintVertexShader.usf" 700
"../../../Engine/Config/Android/AndroidEngine.ini" 701
"../../../Engine/Config/IOS/IOSEngine.ini" 702
"C:/Users/Wanja/AppData/Local/UnrealEngine/4.5/DerivedDataCache/Boot.ddc" 703
"../../../Engine/DerivedDataCache/DDC.ddp" 704
"../../../Engine/Content/Maps/Templates/Thumbnails/Default.uasset" 705
"../../../Engine/Content/EditorMaterials/ParticleSystems/PSysThumbnail_NoImage.uasset" 706
"../../../Engine/Content/EditorMaterials/ParticleSystems/PSysThumbnail_OOD.uasset" 707
"../../../Engine/Content/EditorResources/S_Actor.uasset" 708
"../../../Engine/Content/EngineDamageTypes/DmgTypeBP_Environmental.uasset" 709
"../../../Engine/Content/EditorLandscapeResources/DataLayer.uasset" 710
"../../../Engine/Content/EngineMeshes/Sphere.uasset" 711
"../../../Engine/Content/EngineFonts/RobotoDistanceField.uasset" 712
"../../../Engine/Content/EngineMaterials/DefaultTextMaterialOpaque.uasset" 713
"../../../Engine/Content/Functions/Engine_MaterialFunctions01/Shading/PowerToRoughness.uasset" 714
"../../../Engine/Content/Functions/Engine_MaterialFunctions01/Shading/ConvertFromDiffSpec.uasset" 715
"../../../Engine/Content/EngineMaterials/WorldGridMaterial.uasset" 716
"../../../Engine/Content/Functions/Engine_MaterialFunctions01/Opacity/CameraDepthFade.uasset" 717
"../../../Engine/Content/EngineMaterials/T_Default_Material_Grid_M.uasset" 718
"../../../Engine/Content/EngineMaterials/T_Default_Material_Grid_N.uasset" 719
"../../../Engine/Content/EngineMaterials/DefaultDeferredDecalMaterial.uasset" 720
"../../../Engine/Content/EngineMaterials/DefaultDiffuse.uasset" 721
"../../../Engine/Content/EngineMaterials/DefaultLightFunctionMaterial.uasset" 722
"../../../Engine/Content/EngineMaterials/DefaultPostProcessMaterial.uasset" 723
"../../../Engine/Content/Functions/Engine_MaterialFunctions02/Utility/BreakOutFloat2Components.uasset" 724
"../../../Engine/Content/EditorResources/S_Trigger.uasset" 725
"../../../Engine/Content/EngineResources/WhiteSquareTexture.uasset" 726
"../../../Engine/Content/EngineResources/GradientTexture0.uasset" 727
"../../../Engine/Content/EngineResources/Black.uasset" 728
"../../../Engine/Content/EditorMaterials/MatineeGroups/MAT_Groups_Float.uasset" 729
"../../../Engine/Content/EditorMaterials/MatineeGroups/MAT_Groups_Director.uasset" 730
"../../../Engine/Content/EditorMaterials/MatineeGroups/MAT_Groups_Event.uasset" 731
"../../../Engine/Content/EditorMaterials/MatineeGroups/MAT_Groups_Anim.uasset" 732
"../../../Engine/Content/EditorMaterials/MatineeGroups/MAT_Groups_Fade.uasset" 733
"../../../Engine/Content/EditorMaterials/MatineeGroups/MAT_Groups_Move.uasset" 734
"../../../Engine/Content/EditorMaterials/MatineeGroups/MAT_Groups_Slomo.uasset" 735
"../../../Engine/Content/EditorMaterials/MatineeGroups/MAT_ColorTrack.uasset" 736
"../../../Engine/Content/EditorMaterials/MAT_Groups_Toggle.uasset" 737
"../../../Engine/Content/EditorMaterials/MatineeGroups/MAT_Groups_AudioMaster.uasset" 738
"../../../Engine/Content/EditorMaterials/MatineeGroups/MAT_Groups_Sound.uasset" 739
"../../../Engine/Content/EditorMaterials/MatineeGroups/MAT_Groups_Vector.uasset" 740
"../../../Engine/Content/EditorMaterials/MAT_Groups_Visibility.uasset" 741
"../../../Engine/Content/EngineResources/DefaultTexture.uasset" 742
"../../../Engine/Content/EngineResources/DefaultTextureCube.uasset" 743
"../../../Engine/Content/EngineSounds/Master.uasset" 744
"../../../Engine/Content/EngineSounds/Music.uasset" 745
"../../../Engine/Content/EngineSounds/SFX.uasset" 746
"../../../Engine/Content/EngineSounds/Normal_Attack.uasset" 747
"../../../Engine/Content/EngineSounds/Special_Attack_PSM.uasset" 748
"../../../Engine/Content/EngineSounds/Duck_Normal_Attack_MixMod.uasset" 749
"../../../Engine/Content/EngineSounds/Voice.uasset" 750
"../../../Engine/Content/EngineMeshes/Cylinder.uasset" 751
"../../../Engine/Content/EngineMaterials/DefaultMaterial.uasset" 752
"../../../Engine/Content/EngineTireTypes/DefaultTireType.uasset" 753
"../../../Engine/Plugins/2D/Paper2D/Content/MaskedUnlitSpriteMaterial.uasset" 754
"../../../Engine/Plugins/2D/Paper2D/Content/DefaultSpriteMaterial.uasset" 755
"../../../Engine/Plugins/2D/Paper2D/Content/DummySpriteTexture.uasset" 756
"../../../Engine/Plugins/2D/Paper2D/Content/OpaqueUnlitSpriteMaterial.uasset" 757
"../../../Engine/Plugins/2D/Paper2D/Content/DefaultPaperTerrainMaterial.uasset" 758
"../../../Engine/Plugins/2D/Paper2D/Content/DummySprite.uasset" 759
"../../../../../../Users/Wanja/Documents/Unreal Projects/Project-LIGHT/Content/Blueprints/MainCharacter.uasset" 760
"C:/Users/Wanja/AppData/Local/UnrealEngine/4.5/Saved/Config/Windows/SourceControlSettings.ini" 761
"../../../../../../Users/Wanja/Documents/Unreal Projects/Project-LIGHT/Saved/Config/CleanSourceConfigs/SourceControlSettings.ini" 762
"C:/Users/Wanja/Documents/Unreal Projects/Project-LIGHT/Saved/Config/Windows/SourceControlSettings.ini" 763
"../../../Engine/Content/EngineMaterials/RemoveSurfaceMaterial.uasset" 764
"../../../Engine/Content/EngineDebugMaterials/DebugMeshMaterial.uasset" 765
"../../../Engine/Content/EngineMaterials/M_InvalidLightmapSettings.uasset" 766
"../../../Engine/Content/EngineMaterials/InvalidLightmapSettings.uasset" 767
"../../../Engine/Content/EditorMaterials/GizmoMaterial.uasset" 768
"../../../Engine/Content/EngineMaterials/Good64x64TilingNoiseHighFreq.uasset" 769
"../../../Engine/Content/EngineMaterials/DefaultBokeh.uasset" 770
"../../../Engine/Content/EngineMaterials/PreintegratedSkinBRDF.uasset" 771
"../../../Engine/Content/EngineMaterials/MiniFont.uasset" 772
"../../../Engine/Content/EngineMaterials/WeightMapPlaceholderTexture.uasset" 773
"../../../Engine/Content/EngineMaterials/DefaultWhiteGrid.uasset" 774
"../../../Engine/Content/EngineMaterials/DefaultPhysicalMaterial.uasset" 775
"../../../Engine/Content/EngineFonts/TinyFont.uasset" 776
"../../../Engine/Content/EngineFonts/SmallFont.uasset" 777
"../../../../../../Users/Wanja/Documents/Unreal Projects/Project-LIGHT/Intermediate/CachedAssetRegistry.bin" 778
"../../../Engine/Content/MobileResources/HUD/VirtualJoystick_Thumb.uasset" 779
"../../../Engine/Content/MobileResources/HUD/VirtualJoystick_Background.uasset" 780
"../../../Engine/Content/MobileResources/HUD/T_Castle_ThumbstickOutter.uasset" 781
"../../../Engine/Content/MobileResources/HUD/T_Castle_ThumbstickInner.uasset" 782
"../../../Engine/Content/MobileResources/HUD/MobileHUDDirectionStick.uasset" 783
"../../../Engine/Content/MobileResources/HUD/MobileHUDDirectionPad3.uasset" 784
"../../../Engine/Content/MobileResources/HUD/MobileHUDDirectionPad2.uasset" 785
"../../../Engine/Content/MobileResources/HUD/MobileHUDDirectionPad.uasset" 786
"../../../Engine/Content/MobileResources/HUD/MobileHUDButtonFire.uasset" 787
"../../../Engine/Content/MobileResources/HUD/MobileHUDButton3.uasset" 788
"../../../Engine/Content/MobileResources/HUD/MobileHUDButton2_on.uasset" 789
"../../../Engine/Content/MobileResources/HUD/MobileHUDButton2_off.uasset" 790
"../../../Engine/Content/MobileResources/HUD/MobileHUDButton1_on.uasset" 791
"../../../Engine/Content/MobileResources/HUD/MobileHUDButton1_off.uasset" 792
"../../../Engine/Content/MobileResources/HUD/LeftVirtualJoystickOnly.uasset" 793
"../../../Engine/Content/MobileResources/HUD/DefaultVirtualJoysticks.uasset" 794
"../../../Engine/Content/MobileResources/HUD/AnalogHat.uasset" 795
"../../../Engine/Content/MobileResources/T_MobileMenu2.uasset" 796
"../../../Engine/Content/MobileResources/T_MobileControls_texture.uasset" 797
"../../../Engine/Content/Maps/Entry.umap" 798
"../../../Engine/Content/EngineMaterials/DefaultNormal.uasset" 799
"../../../../../../Users/Wanja/Documents/Unreal Projects/Project-LIGHT/Content/Maps/MainMap.umap" 800
"../../../Engine/Content/EngineSky/BP_Sky_Sphere.uasset" 801
"../../../Engine/Content/EditorBlueprintResources/StandardMacros.uasset" 802
"../../../Engine/Content/EngineSky/C_Sky_Cloud_Color.uasset" 803
"../../../Engine/Content/EngineSky/C_Sky_Horizon_Color.uasset" 804
"../../../Engine/Content/EngineSky/C_Sky_Zenith_Color.uasset" 805
"../../../Engine/Content/EngineSky/M_Sky_Panning_Clouds2.uasset" 806
"../../../Engine/Content/EngineSky/T_Sky_Blue.uasset" 807
"../../../Engine/Content/EngineSky/T_Sky_Clouds_M.uasset" 808
"../../../Engine/Content/EngineSky/T_Sky_Stars.uasset" 809
"../../../Engine/Content/EngineSky/SM_SkySphere.uasset" 810
"../../../../../../Users/Wanja/Documents/Unreal Projects/Project-LIGHT/Content/Blueprints/BP_Food.uasset" 811
"../../../../../../Users/Wanja/Documents/Unreal Projects/Project-LIGHT/Content/Meshes/SM_Health.uasset" 812
"../../../../../../Users/Wanja/Documents/Unreal Projects/Project-LIGHT/Content/Materials/Generic.uasset" 813
"../../../../../../Users/Wanja/Documents/Unreal Projects/Project-LIGHT/Content/Blueprints/BP_Hamburger.uasset" 814
"../../../../../../Users/Wanja/Documents/Unreal Projects/Project-LIGHT/Content/Meshes/Hamburger.uasset" 815
"../../../../../../Users/Wanja/Documents/Unreal Projects/Project-LIGHT/Content/Materials/RED.uasset" 816
"C:/Users/Wanja/AppData/Local/UnrealEngine/Common/DerivedDataCache/7/0/1/MATSM_E1C1E89EE9AE4F3CA7B8E0F1C49B34EB_PCD3D_SM5_2__BC5N_BMSIN_DEV_SL_NODBUFDD__D40A1F8613B45A8003DC06625816454436C3DE3D.udd" 817
"C:/Users/Wanja/AppData/Local/UnrealEngine/Common/DerivedDataCache/6/7/5/TEXTURE_75F87CE100B546AAB8A1C4132AF9DB17_AUTODXT_BBADF8624256010BC3AEF58199173__D29B35E5741554B1D0C8D22FCE0701A19367027F.udd" 818
"C:/Users/Wanja/AppData/Local/UnrealEngine/Common/DerivedDataCache/6/7/4/TEXTURE_75F87CE100B546AAB8A1C4132AF9DB17_AUTODXT_BBADF8624256010BC3AEF58199173__915284B08129172C4E6CAD30C2BD73EA8ED62089.udd" 819
"C:/Users/Wanja/AppData/Local/UnrealEngine/Common/DerivedDataCache/6/2/6/TEXTURE_75F87CE100B546AAB8A1C4132AF9DB17_AUTODXT_E839A472447357B2BC11498681CB8__B7D0F8D7264838E8E9283D74B1FB376D7505A163.udd" 820
"C:/Users/Wanja/AppData/Local/UnrealEngine/Common/DerivedDataCache/5/8/3/TEXTURE_75F87CE100B546AAB8A1C4132AF9DB17_DXT1_0E2030DB4029AB407E94F9B7D7BD9C62__071AAAFC39F09D487C72375CD49F06FF06FE2540.udd" 821
"C:/Users/Wanja/AppData/Local/UnrealEngine/Common/DerivedDataCache/4/1/1/TEXTURE_75F87CE100B546AAB8A1C4132AF9DB17_DXT1_0E2030DB4029AB407E94F9B7D7BD9C62__A39F8CB5FCBDC5C1D61A4437B1AFA5B3BF993F8F.udd" 822
"C:/Users/Wanja/AppData/Local/UnrealEngine/Common/DerivedDataCache/7/2/6/TEXTURE_75F87CE100B546AAB8A1C4132AF9DB17_DXT1_A7C0D3AC480C5CBFF7A9BDA681034782__9FD05743C7A69648E8E324BF66FC3A8F6B8ABA88.udd" 823
"C:/Users/Wanja/AppData/Local/UnrealEngine/Common/DerivedDataCache/5/5/1/TEXTURE_75F87CE100B546AAB8A1C4132AF9DB17_BGRA8_5984843B496826CEC35CBAB8C161FD9__86313F0C11FAFB026C309255BF4710760DAA885C.udd" 824
"C:/Users/Wanja/AppData/Local/UnrealEngine/Common/DerivedDataCache/6/9/1/TEXTURE_75F87CE100B546AAB8A1C4132AF9DB17_BGRA8_5984843B496826CEC35CBAB8C161FD9__3B37E2ADD6F07CB49D54F3CB13FD24480A5D7213.udd" 825
"C:/Users/Wanja/AppData/Local/UnrealEngine/Common/DerivedDataCache/9/8/0/TEXTURE_75F87CE100B546AAB8A1C4132AF9DB17_DXT1_0E2030DB4029AB407E94F9B7D7BD9C62__ACCDBC1E925CA3D99759160A82697BA6D9AC5E01.udd" 826
"C:/Users/Wanja/AppData/Local/UnrealEngine/Common/DerivedDataCache/1/0/6/TEXTURE_75F87CE100B546AAB8A1C4132AF9DB17_AUTODXT_BBADF8624256010BC3AEF58199173__F7C644830AC16AEF12B0ECA20F782950CDDB9BDA.udd" 827
"C:/Users/Wanja/AppData/Local/UnrealEngine/Common/DerivedDataCache/1/7/3/TEXTURE_75F87CE100B546AAB8A1C4132AF9DB17_DXT1_0E2030DB4029AB407E94F9B7D7BD9C62__B19C6073ED2C31834739719CB712A1D7F2DB4032.udd" 828
"C:/Users/Wanja/AppData/Local/UnrealEngine/Common/DerivedDataCache/1/7/5/TEXTURE_75F87CE100B546AAB8A1C4132AF9DB17_DXT1_0E2030DB4029AB407E94F9B7D7BD9C62__C32D7B4D8E1C14301864A1A0F49CD4D5958F831C.udd" 829
"C:/Users/Wanja/AppData/Local/UnrealEngine/Common/DerivedDataCache/0/3/6/TEXTURE_75F87CE100B546AAB8A1C4132AF9DB17_BGRA8_7B1AC6E9483450A54DF49085D58B0E0__5B6529699CE0C0220D092293B6EE56BB1A4CE0DC.udd" 830
"C:/Users/Wanja/AppData/Local/UnrealEngine/Common/DerivedDataCache/4/6/6/TEXTURE_75F87CE100B546AAB8A1C4132AF9DB17_AUTODXT_BBADF8624256010BC3AEF58199173__7E0EF1CE8CB6547751098BB3C11DAF62CC0DDC16.udd" 831
"C:/Users/Wanja/AppData/Local/UnrealEngine/Common/DerivedDataCache/9/0/5/TEXTURE_75F87CE100B546AAB8A1C4132AF9DB17_AUTODXT_BBADF8624256010BC3AEF58199173__1F62E263AA087501B48495AEB0DE285E80816D37.udd" 832
"C:/Users/Wanja/AppData/Local/UnrealEngine/Common/DerivedDataCache/4/4/2/TEXTURE_75F87CE100B546AAB8A1C4132AF9DB17_BGRA8_5984843B496826CEC35CBAB8C161FD9__95A4CE5D848CB472EF0A8BC72FF7E55FAF2EB30E.udd" 833
"C:/Users/Wanja/AppData/Local/UnrealEngine/Common/DerivedDataCache/6/7/1/TEXTURE_75F87CE100B546AAB8A1C4132AF9DB17_BGRA8_5984843B496826CEC35CBAB8C161FD9__454F15E09CEDADF5B2CDD01DBF2704576F129179.udd" 834
"C:/Users/Wanja/AppData/Local/UnrealEngine/Common/DerivedDataCache/4/9/0/TEXTURE_75F87CE100B546AAB8A1C4132AF9DB17_BGRA8_5984843B496826CEC35CBAB8C161FD9__F42BD3AD0E022A3C5FD5302124C03F713EC76D00.udd" 835
"C:/Users/Wanja/AppData/Local/UnrealEngine/Common/DerivedDataCache/6/1/8/STATICMESH_46A8778361B442A9523C54440EA1E9D_0DB5412B27AB480F844CC7F0BE5ABAFF_5F__0DAC473C66BCD3A9007C86296D765E485D6171D1.udd" 836
"C:/Users/Wanja/AppData/Local/UnrealEngine/Common/DerivedDataCache/0/7/0/PHYSX_$7B1F0627AE$2DABEB$2D4206$2D8D78$2DE16BEB5DDC7E$7D_PHYSXPC_90FA08E4466C7__02A748DB3153B64B233779F114B6FDAB088B66A4.udd" 837
"C:/Users/Wanja/AppData/Local/UnrealEngine/Common/DerivedDataCache/4/7/3/MATSM_E1C1E89EE9AE4F3CA7B8E0F1C49B34EB_PCD3D_SM5_2__BC5N_BMSIN_DEV_SL_NODBUFD5__92CA7D640472F0D6FF989826D281693326EE1CBF.udd" 838
"C:/Users/Wanja/AppData/Local/UnrealEngine/Common/DerivedDataCache/0/1/4/PHYSX_$7B1F0627AE$2DABEB$2D4206$2D8D78$2DE16BEB5DDC7E$7D_PHYSXPC_864F7C8A46F5D__78AC4226DC512291E141DE21E2BE86F137A37597.udd" 839
"C:/Users/Wanja/AppData/Local/UnrealEngine/Common/DerivedDataCache/5/6/2/PHYSX_$7B1F0627AE$2DABEB$2D4206$2D8D78$2DE16BEB5DDC7E$7D_PHYSXPC_8D4B76AF40E596D7B33146BE0D3851BD__1_0_13073_0.udd" 840
"C:/Users/Wanja/AppData/Local/UnrealEngine/Common/DerivedDataCache/1/4/7/PHYSX_$7B1F0627AE$2DABEB$2D4206$2D8D78$2DE16BEB5DDC7E$7D_PHYSXPC_919175B24B606E2F861CAB9721994650__1_0_13073_0.udd" 841
"C:/Users/Wanja/AppData/Local/UnrealEngine/Common/DerivedDataCache/5/5/1/PHYSX_$7B1F0627AE$2DABEB$2D4206$2D8D78$2DE16BEB5DDC7E$7D_PHYSXPC_CEAB81B54A138A15BA76478F015F15E5__1_0_13073_0.udd" 842
"C:/Users/Wanja/AppData/Local/UnrealEngine/Common/DerivedDataCache/4/9/5/PHYSX_$7B1F0627AE$2DABEB$2D4206$2D8D78$2DE16BEB5DDC7E$7D_PHYSXPC_F4DC01024180F94A6A3E778E2234A514__1_0_13073_0.udd" 843
"C:/Users/Wanja/AppData/Local/UnrealEngine/Common/DerivedDataCache/3/7/6/PHYSX_$7B1F0627AE$2DABEB$2D4206$2D8D78$2DE16BEB5DDC7E$7D_PHYSXPC_F28B35B14FD7F3AE9D380CA4A2EB9652__1_0_13073_0.udd" 844
"C:/Users/Wanja/AppData/Local/UnrealEngine/Common/DerivedDataCache/1/3/2/PHYSX_$7B1F0627AE$2DABEB$2D4206$2D8D78$2DE16BEB5DDC7E$7D_PHYSXPC_4EDF23F44E9B542A426C87A787D807C9__1_0_13073_0.udd" 845
"C:/Users/Wanja/AppData/Local/UnrealEngine/Common/DerivedDataCache/4/8/9/PHYSX_$7B1F0627AE$2DABEB$2D4206$2D8D78$2DE16BEB5DDC7E$7D_PHYSXPC_B17D080F4892ED27A446C78614831EB8__1_0_13073_0.udd" 846
"C:/Users/Wanja/AppData/Local/UnrealEngine/Common/DerivedDataCache/1/9/3/PHYSX_$7B1F0627AE$2DABEB$2D4206$2D8D78$2DE16BEB5DDC7E$7D_PHYSXPC_BAFBA055474F82284168B1B328DA418F__1_0_13073_0.udd" 847
"C:/Users/Wanja/AppData/Local/UnrealEngine/Common/DerivedDataCache/5/6/8/PHYSX_$7B1F0627AE$2DABEB$2D4206$2D8D78$2DE16BEB5DDC7E$7D_PHYSXPC_8B801B9246772AF5386F0C80294DB927__1_0_13073_0.udd" 848
"C:/Users/Wanja/AppData/Local/UnrealEngine/Common/DerivedDataCache/1/7/5/PHYSX_$7B1F0627AE$2DABEB$2D4206$2D8D78$2DE16BEB5DDC7E$7D_PHYSXPC_E8F58D2A41BD0C93F8DEC29C505A1E43__1_0_13073_0.udd" 849
"C:/Users/Wanja/Documents/Unreal Projects/Project-LIGHT/Intermediate/Shaders/WorkingDirectory/328/4/WorkerOutputOnly.out" 850
"C:/Users/Wanja/Documents/Unreal Projects/Project-LIGHT/Intermediate/Shaders/WorkingDirectory/328/3/WorkerOutputOnly.out" 851
"C:/Users/Wanja/Documents/Unreal Projects/Project-LIGHT/Intermediate/Shaders/WorkingDirectory/328/1/WorkerOutputOnly.out" 852
"C:/Users/Wanja/Documents/Unreal Projects/Project-LIGHT/Intermediate/Shaders/WorkingDirectory/328/2/WorkerOutputOnly.out" 853
"C:/Users/Wanja/Documents/Unreal Projects/Project-LIGHT/Intermediate/Shaders/WorkingDirectory/328/0/WorkerOutputOnly.out" 854
"../../../../../../Users/Wanja/Documents/Unreal Projects/Project-LIGHT/Saved/Autosaves/Game/Maps/UEDPCMainMap.umap" 855
"C:/Users/Wanja/AppData/Local/UnrealEngine/Common/DerivedDataCache/9/1/6/MATSM_E1C1E89EE9AE4F3CA7B8E0F1C49B34EB_PCD3D_SM4_2__BC5N_BMSIN_DEV_SL_NODBUFDD__5501D35DCAE28D4E935F2AAD58C1D32E91983A39.udd" 856
"C:/Users/Wanja/AppData/Local/UnrealEngine/Common/DerivedDataCache/4/9/2/MATSM_E1C1E89EE9AE4F3CA7B8E0F1C49B34EB_PCD3D_SM4_2__BC5N_BMSIN_DEV_SL_NODBUFD5__14EDAED54CD7439A065A418E6899FAEE788A5C2E.udd" 857
